{"/Users/jonchristie/Desktop/WEB_DEV_DOCS/mathcodes.github.io/src/App.js": {"path":"/Users/jonchristie/Desktop/WEB_DEV_DOCS/mathcodes.github.io/src/App.js","statementMap":{"0":{"start":{"line":11,"column":14},"end":{"line":11,"column":51}},"1":{"start":{"line":11,"column":25},"end":{"line":11,"column":50}},"2":{"start":{"line":12,"column":16},"end":{"line":12,"column":57}},"3":{"start":{"line":12,"column":27},"end":{"line":12,"column":56}},"4":{"start":{"line":13,"column":13},"end":{"line":13,"column":47}},"5":{"start":{"line":13,"column":24},"end":{"line":13,"column":46}},"6":{"start":{"line":14,"column":17},"end":{"line":14,"column":55}},"7":{"start":{"line":14,"column":28},"end":{"line":14,"column":54}},"8":{"start":{"line":15,"column":14},"end":{"line":15,"column":49}},"9":{"start":{"line":15,"column":25},"end":{"line":15,"column":48}},"10":{"start":{"line":16,"column":17},"end":{"line":16,"column":55}},"11":{"start":{"line":16,"column":28},"end":{"line":16,"column":54}},"12":{"start":{"line":17,"column":18},"end":{"line":17,"column":57}},"13":{"start":{"line":17,"column":29},"end":{"line":17,"column":56}},"14":{"start":{"line":20,"column":1},"end":{"line":42,"column":3}}},"fnMap":{"0":{"name":"(anonymous_0)","decl":{"start":{"line":11,"column":19},"end":{"line":11,"column":20}},"loc":{"start":{"line":11,"column":25},"end":{"line":11,"column":50}},"line":11},"1":{"name":"(anonymous_1)","decl":{"start":{"line":12,"column":21},"end":{"line":12,"column":22}},"loc":{"start":{"line":12,"column":27},"end":{"line":12,"column":56}},"line":12},"2":{"name":"(anonymous_2)","decl":{"start":{"line":13,"column":18},"end":{"line":13,"column":19}},"loc":{"start":{"line":13,"column":24},"end":{"line":13,"column":46}},"line":13},"3":{"name":"(anonymous_3)","decl":{"start":{"line":14,"column":22},"end":{"line":14,"column":23}},"loc":{"start":{"line":14,"column":28},"end":{"line":14,"column":54}},"line":14},"4":{"name":"(anonymous_4)","decl":{"start":{"line":15,"column":19},"end":{"line":15,"column":20}},"loc":{"start":{"line":15,"column":25},"end":{"line":15,"column":48}},"line":15},"5":{"name":"(anonymous_5)","decl":{"start":{"line":16,"column":22},"end":{"line":16,"column":23}},"loc":{"start":{"line":16,"column":28},"end":{"line":16,"column":54}},"line":16},"6":{"name":"(anonymous_6)","decl":{"start":{"line":17,"column":23},"end":{"line":17,"column":24}},"loc":{"start":{"line":17,"column":29},"end":{"line":17,"column":56}},"line":17},"7":{"name":"App","decl":{"start":{"line":19,"column":9},"end":{"line":19,"column":12}},"loc":{"start":{"line":19,"column":15},"end":{"line":43,"column":1}},"line":19}},"branchMap":{},"s":{"0":0,"1":0,"2":0,"3":0,"4":0,"5":0,"6":0,"7":0,"8":0,"9":0,"10":0,"11":0,"12":0,"13":0,"14":0},"f":{"0":0,"1":0,"2":0,"3":0,"4":0,"5":0,"6":0,"7":0},"b":{}}
,"/Users/jonchristie/Desktop/WEB_DEV_DOCS/mathcodes.github.io/src/index.js": {"path":"/Users/jonchristie/Desktop/WEB_DEV_DOCS/mathcodes.github.io/src/index.js","statementMap":{"0":{"start":{"line":6,"column":18},"end":{"line":6,"column":49}},"1":{"start":{"line":7,"column":13},"end":{"line":7,"column":34}},"2":{"start":{"line":8,"column":0},"end":{"line":8,"column":21}},"3":{"start":{"line":12,"column":0},"end":{"line":12,"column":18}}},"fnMap":{},"branchMap":{},"s":{"0":0,"1":0,"2":0,"3":0},"f":{},"b":{}}
,"/Users/jonchristie/Desktop/WEB_DEV_DOCS/mathcodes.github.io/src/reportWebVitals.js": {"path":"/Users/jonchristie/Desktop/WEB_DEV_DOCS/mathcodes.github.io/src/reportWebVitals.js","statementMap":{"0":{"start":{"line":1,"column":24},"end":{"line":11,"column":1}},"1":{"start":{"line":2,"column":2},"end":{"line":10,"column":3}},"2":{"start":{"line":3,"column":4},"end":{"line":9,"column":7}},"3":{"start":{"line":4,"column":6},"end":{"line":4,"column":26}},"4":{"start":{"line":5,"column":6},"end":{"line":5,"column":26}},"5":{"start":{"line":6,"column":6},"end":{"line":6,"column":26}},"6":{"start":{"line":7,"column":6},"end":{"line":7,"column":26}},"7":{"start":{"line":8,"column":6},"end":{"line":8,"column":27}}},"fnMap":{"0":{"name":"(anonymous_0)","decl":{"start":{"line":1,"column":24},"end":{"line":1,"column":25}},"loc":{"start":{"line":1,"column":39},"end":{"line":11,"column":1}},"line":1},"1":{"name":"(anonymous_1)","decl":{"start":{"line":3,"column":30},"end":{"line":3,"column":31}},"loc":{"start":{"line":3,"column":79},"end":{"line":9,"column":5}},"line":3}},"branchMap":{"0":{"loc":{"start":{"line":2,"column":2},"end":{"line":10,"column":3}},"type":"if","locations":[{"start":{"line":2,"column":2},"end":{"line":10,"column":3}},{"start":{},"end":{}}],"line":2},"1":{"loc":{"start":{"line":2,"column":6},"end":{"line":2,"column":52}},"type":"binary-expr","locations":[{"start":{"line":2,"column":6},"end":{"line":2,"column":17}},{"start":{"line":2,"column":21},"end":{"line":2,"column":52}}],"line":2}},"s":{"0":0,"1":0,"2":0,"3":0,"4":0,"5":0,"6":0,"7":0},"f":{"0":0,"1":0},"b":{"0":[0,0],"1":[0,0]}}
,"/Users/jonchristie/Desktop/WEB_DEV_DOCS/mathcodes.github.io/src/components/BackToTop.jsx": {"path":"/Users/jonchristie/Desktop/WEB_DEV_DOCS/mathcodes.github.io/src/components/BackToTop.jsx","statementMap":{"0":{"start":{"line":3,"column":18},"end":{"line":11,"column":1}},"1":{"start":{"line":4,"column":28},"end":{"line":4,"column":29}},"2":{"start":{"line":6,"column":1},"end":{"line":8,"column":26}},"3":{"start":{"line":7,"column":2},"end":{"line":7,"column":24}},"4":{"start":{"line":10,"column":1},"end":{"line":10,"column":20}}},"fnMap":{"0":{"name":"(anonymous_0)","decl":{"start":{"line":3,"column":18},"end":{"line":3,"column":19}},"loc":{"start":{"line":3,"column":24},"end":{"line":11,"column":1}},"line":3},"1":{"name":"(anonymous_1)","decl":{"start":{"line":6,"column":11},"end":{"line":6,"column":12}},"loc":{"start":{"line":6,"column":17},"end":{"line":8,"column":2}},"line":6}},"branchMap":{},"s":{"0":0,"1":0,"2":0,"3":0,"4":0},"f":{"0":0,"1":0},"b":{}}
,"/Users/jonchristie/Desktop/WEB_DEV_DOCS/mathcodes.github.io/src/components/HireMeModal.jsx": {"path":"/Users/jonchristie/Desktop/WEB_DEV_DOCS/mathcodes.github.io/src/components/HireMeModal.jsx","statementMap":{"0":{"start":{"line":5,"column":22},"end":{"line":12,"column":1}},"1":{"start":{"line":14,"column":20},"end":{"line":139,"column":1}},"2":{"start":{"line":15,"column":1},"end":{"line":138,"column":3}},"3":{"start":{"line":78,"column":11},"end":{"line":83,"column":20}}},"fnMap":{"0":{"name":"(anonymous_0)","decl":{"start":{"line":14,"column":20},"end":{"line":14,"column":21}},"loc":{"start":{"line":14,"column":48},"end":{"line":139,"column":1}},"line":14},"1":{"name":"(anonymous_1)","decl":{"start":{"line":77,"column":29},"end":{"line":77,"column":30}},"loc":{"start":{"line":78,"column":11},"end":{"line":83,"column":20}},"line":78}},"branchMap":{},"s":{"0":1,"1":1,"2":1,"3":6},"f":{"0":1,"1":6},"b":{},"_coverageSchema":"1a1c01bbd47fc00a2c39e90264f33305004495a9","hash":"47fc4cdcc0c2761224c7b464bdbddba6d0d5880e"}
,"/Users/jonchristie/Desktop/WEB_DEV_DOCS/mathcodes.github.io/src/components/ScrollToTop.jsx": {"path":"/Users/jonchristie/Desktop/WEB_DEV_DOCS/mathcodes.github.io/src/components/ScrollToTop.jsx","statementMap":{"0":{"start":{"line":7,"column":20},"end":{"line":14,"column":1}},"1":{"start":{"line":8,"column":22},"end":{"line":8,"column":35}},"2":{"start":{"line":10,"column":1},"end":{"line":12,"column":16}},"3":{"start":{"line":11,"column":2},"end":{"line":11,"column":24}},"4":{"start":{"line":13,"column":1},"end":{"line":13,"column":13}}},"fnMap":{"0":{"name":"(anonymous_0)","decl":{"start":{"line":7,"column":20},"end":{"line":7,"column":21}},"loc":{"start":{"line":7,"column":26},"end":{"line":14,"column":1}},"line":7},"1":{"name":"(anonymous_1)","decl":{"start":{"line":10,"column":11},"end":{"line":10,"column":12}},"loc":{"start":{"line":10,"column":17},"end":{"line":12,"column":2}},"line":10}},"branchMap":{},"s":{"0":0,"1":0,"2":0,"3":0,"4":0},"f":{"0":0,"1":0},"b":{}}
,"/Users/jonchristie/Desktop/WEB_DEV_DOCS/mathcodes.github.io/src/components/Hashnode/Hashnode.jsx": {"path":"/Users/jonchristie/Desktop/WEB_DEV_DOCS/mathcodes.github.io/src/components/Hashnode/Hashnode.jsx","statementMap":{"0":{"start":{"line":4,"column":17},"end":{"line":39,"column":1}},"1":{"start":{"line":5,"column":34},"end":{"line":5,"column":46}},"2":{"start":{"line":7,"column":2},"end":{"line":24,"column":9}},"3":{"start":{"line":8,"column":22},"end":{"line":22,"column":5}},"4":{"start":{"line":9,"column":6},"end":{"line":21,"column":7}},"5":{"start":{"line":10,"column":25},"end":{"line":10,"column":87}},"6":{"start":{"line":11,"column":21},"end":{"line":11,"column":42}},"7":{"start":{"line":12,"column":8},"end":{"line":18,"column":11}},"8":{"start":{"line":13,"column":10},"end":{"line":17,"column":11}},"9":{"start":{"line":14,"column":12},"end":{"line":14,"column":31}},"10":{"start":{"line":16,"column":12},"end":{"line":16,"column":52}},"11":{"start":{"line":20,"column":8},"end":{"line":20,"column":29}},"12":{"start":{"line":23,"column":4},"end":{"line":23,"column":16}},"13":{"start":{"line":26,"column":2},"end":{"line":38,"column":4}},"14":{"start":{"line":30,"column":10},"end":{"line":30,"column":34}}},"fnMap":{"0":{"name":"(anonymous_0)","decl":{"start":{"line":4,"column":17},"end":{"line":4,"column":18}},"loc":{"start":{"line":4,"column":23},"end":{"line":39,"column":1}},"line":4},"1":{"name":"(anonymous_1)","decl":{"start":{"line":7,"column":12},"end":{"line":7,"column":13}},"loc":{"start":{"line":7,"column":18},"end":{"line":24,"column":3}},"line":7},"2":{"name":"(anonymous_2)","decl":{"start":{"line":8,"column":22},"end":{"line":8,"column":23}},"loc":{"start":{"line":8,"column":34},"end":{"line":22,"column":5}},"line":8},"3":{"name":"(anonymous_3)","decl":{"start":{"line":12,"column":26},"end":{"line":12,"column":27}},"loc":{"start":{"line":12,"column":43},"end":{"line":18,"column":9}},"line":12},"4":{"name":"(anonymous_4)","decl":{"start":{"line":28,"column":20},"end":{"line":28,"column":21}},"loc":{"start":{"line":30,"column":10},"end":{"line":30,"column":34}},"line":30}},"branchMap":{"0":{"loc":{"start":{"line":13,"column":10},"end":{"line":17,"column":11}},"type":"if","locations":[{"start":{"line":13,"column":10},"end":{"line":17,"column":11}},{"start":{"line":15,"column":17},"end":{"line":17,"column":11}}],"line":13}},"s":{"0":0,"1":0,"2":0,"3":0,"4":0,"5":0,"6":0,"7":0,"8":0,"9":0,"10":0,"11":0,"12":0,"13":0,"14":0},"f":{"0":0,"1":0,"2":0,"3":0,"4":0},"b":{"0":[0,0]}}
,"/Users/jonchristie/Desktop/WEB_DEV_DOCS/mathcodes.github.io/src/components/about/AboutClientSingle.jsx": {"path":"/Users/jonchristie/Desktop/WEB_DEV_DOCS/mathcodes.github.io/src/components/about/AboutClientSingle.jsx","statementMap":{"0":{"start":{"line":1,"column":26},"end":{"line":11,"column":1}},"1":{"start":{"line":2,"column":1},"end":{"line":10,"column":3}}},"fnMap":{"0":{"name":"(anonymous_0)","decl":{"start":{"line":1,"column":26},"end":{"line":1,"column":27}},"loc":{"start":{"line":1,"column":48},"end":{"line":11,"column":1}},"line":1}},"branchMap":{},"s":{"0":0,"1":0},"f":{"0":0},"b":{}}
,"/Users/jonchristie/Desktop/WEB_DEV_DOCS/mathcodes.github.io/src/components/about/AboutClients.jsx": {"path":"/Users/jonchristie/Desktop/WEB_DEV_DOCS/mathcodes.github.io/src/components/about/AboutClients.jsx","statementMap":{"0":{"start":{"line":5,"column":21},"end":{"line":24,"column":1}},"1":{"start":{"line":6,"column":41},"end":{"line":6,"column":67}},"2":{"start":{"line":8,"column":1},"end":{"line":23,"column":3}},"3":{"start":{"line":15,"column":5},"end":{"line":19,"column":7}}},"fnMap":{"0":{"name":"(anonymous_0)","decl":{"start":{"line":5,"column":21},"end":{"line":5,"column":22}},"loc":{"start":{"line":5,"column":27},"end":{"line":24,"column":1}},"line":5},"1":{"name":"(anonymous_1)","decl":{"start":{"line":14,"column":21},"end":{"line":14,"column":22}},"loc":{"start":{"line":15,"column":5},"end":{"line":19,"column":7}},"line":15}},"branchMap":{},"s":{"0":0,"1":0,"2":0,"3":0},"f":{"0":0,"1":0},"b":{}}
,"/Users/jonchristie/Desktop/WEB_DEV_DOCS/mathcodes.github.io/src/components/about/AboutCounter.jsx": {"path":"/Users/jonchristie/Desktop/WEB_DEV_DOCS/mathcodes.github.io/src/components/about/AboutCounter.jsx","statementMap":{"0":{"start":{"line":4,"column":21},"end":{"line":39,"column":1}},"1":{"start":{"line":5,"column":1},"end":{"line":5,"column":64}},"2":{"start":{"line":6,"column":1},"end":{"line":6,"column":65}},"3":{"start":{"line":7,"column":1},"end":{"line":7,"column":62}},"4":{"start":{"line":8,"column":1},"end":{"line":8,"column":62}},"5":{"start":{"line":10,"column":1},"end":{"line":38,"column":3}}},"fnMap":{"0":{"name":"(anonymous_0)","decl":{"start":{"line":4,"column":21},"end":{"line":4,"column":22}},"loc":{"start":{"line":4,"column":27},"end":{"line":39,"column":1}},"line":4}},"branchMap":{},"s":{"0":0,"1":0,"2":0,"3":0,"4":0,"5":0},"f":{"0":0},"b":{}}
,"/Users/jonchristie/Desktop/WEB_DEV_DOCS/mathcodes.github.io/src/components/about/AboutMe.jsx": {"path":"/Users/jonchristie/Desktop/WEB_DEV_DOCS/mathcodes.github.io/src/components/about/AboutMe.jsx","statementMap":{"0":{"start":{"line":7,"column":14},"end":{"line":38,"column":1}},"1":{"start":{"line":8,"column":1},"end":{"line":37,"column":3}}},"fnMap":{"0":{"name":"(anonymous_0)","decl":{"start":{"line":7,"column":14},"end":{"line":7,"column":15}},"loc":{"start":{"line":7,"column":20},"end":{"line":38,"column":1}},"line":7}},"branchMap":{},"s":{"0":0,"1":0},"f":{"0":0},"b":{}}
,"/Users/jonchristie/Desktop/WEB_DEV_DOCS/mathcodes.github.io/src/components/about/AboutMeBio.jsx": {"path":"/Users/jonchristie/Desktop/WEB_DEV_DOCS/mathcodes.github.io/src/components/about/AboutMeBio.jsx","statementMap":{"0":{"start":{"line":5,"column":19},"end":{"line":33,"column":1}},"1":{"start":{"line":6,"column":21},"end":{"line":6,"column":47}},"2":{"start":{"line":8,"column":1},"end":{"line":32,"column":3}},"3":{"start":{"line":22,"column":5},"end":{"line":27,"column":9}}},"fnMap":{"0":{"name":"(anonymous_0)","decl":{"start":{"line":5,"column":19},"end":{"line":5,"column":20}},"loc":{"start":{"line":5,"column":25},"end":{"line":33,"column":1}},"line":5},"1":{"name":"(anonymous_1)","decl":{"start":{"line":21,"column":17},"end":{"line":21,"column":18}},"loc":{"start":{"line":22,"column":5},"end":{"line":27,"column":9}},"line":22}},"branchMap":{},"s":{"0":0,"1":0,"2":0,"3":0},"f":{"0":0,"1":0},"b":{}}
,"/Users/jonchristie/Desktop/WEB_DEV_DOCS/mathcodes.github.io/src/components/about/CounterItem.jsx": {"path":"/Users/jonchristie/Desktop/WEB_DEV_DOCS/mathcodes.github.io/src/components/about/CounterItem.jsx","statementMap":{"0":{"start":{"line":3,"column":20},"end":{"line":14,"column":1}},"1":{"start":{"line":4,"column":1},"end":{"line":13,"column":3}}},"fnMap":{"0":{"name":"(anonymous_0)","decl":{"start":{"line":3,"column":20},"end":{"line":3,"column":21}},"loc":{"start":{"line":3,"column":57},"end":{"line":14,"column":1}},"line":3}},"branchMap":{},"s":{"0":0,"1":0},"f":{"0":0},"b":{}}
,"/Users/jonchristie/Desktop/WEB_DEV_DOCS/mathcodes.github.io/src/components/cards/CardGallery.js": {"path":"/Users/jonchristie/Desktop/WEB_DEV_DOCS/mathcodes.github.io/src/components/cards/CardGallery.js","statementMap":{"0":{"start":{"line":4,"column":20},"end":{"line":30,"column":1}},"1":{"start":{"line":5,"column":2},"end":{"line":29,"column":4}},"2":{"start":{"line":8,"column":8},"end":{"line":25,"column":14}},"3":{"start":{"line":15,"column":14},"end":{"line":22,"column":19}}},"fnMap":{"0":{"name":"(anonymous_0)","decl":{"start":{"line":4,"column":20},"end":{"line":4,"column":21}},"loc":{"start":{"line":4,"column":26},"end":{"line":30,"column":1}},"line":4},"1":{"name":"(anonymous_1)","decl":{"start":{"line":7,"column":25},"end":{"line":7,"column":26}},"loc":{"start":{"line":8,"column":8},"end":{"line":25,"column":14}},"line":8},"2":{"name":"(anonymous_2)","decl":{"start":{"line":14,"column":36},"end":{"line":14,"column":37}},"loc":{"start":{"line":15,"column":14},"end":{"line":22,"column":19}},"line":15}},"branchMap":{},"s":{"0":0,"1":0,"2":0,"3":0},"f":{"0":0,"1":0,"2":0},"b":{}}
,"/Users/jonchristie/Desktop/WEB_DEV_DOCS/mathcodes.github.io/src/components/contact/ContactDetails.jsx": {"path":"/Users/jonchristie/Desktop/WEB_DEV_DOCS/mathcodes.github.io/src/components/contact/ContactDetails.jsx","statementMap":{"0":{"start":{"line":3,"column":17},"end":{"line":19,"column":1}},"1":{"start":{"line":21,"column":23},"end":{"line":43,"column":1}},"2":{"start":{"line":22,"column":1},"end":{"line":42,"column":3}},"3":{"start":{"line":30,"column":6},"end":{"line":37,"column":11}}},"fnMap":{"0":{"name":"(anonymous_0)","decl":{"start":{"line":21,"column":23},"end":{"line":21,"column":24}},"loc":{"start":{"line":21,"column":29},"end":{"line":43,"column":1}},"line":21},"1":{"name":"(anonymous_1)","decl":{"start":{"line":29,"column":19},"end":{"line":29,"column":20}},"loc":{"start":{"line":30,"column":6},"end":{"line":37,"column":11}},"line":30}},"branchMap":{},"s":{"0":0,"1":0,"2":0,"3":0},"f":{"0":0,"1":0},"b":{}}
,"/Users/jonchristie/Desktop/WEB_DEV_DOCS/mathcodes.github.io/src/components/contact/ContactForm.jsx": {"path":"/Users/jonchristie/Desktop/WEB_DEV_DOCS/mathcodes.github.io/src/components/contact/ContactForm.jsx","statementMap":{"0":{"start":{"line":4,"column":20},"end":{"line":72,"column":1}},"1":{"start":{"line":5,"column":1},"end":{"line":71,"column":3}}},"fnMap":{"0":{"name":"(anonymous_0)","decl":{"start":{"line":4,"column":20},"end":{"line":4,"column":21}},"loc":{"start":{"line":4,"column":26},"end":{"line":72,"column":1}},"line":4}},"branchMap":{},"s":{"0":0,"1":0},"f":{"0":0},"b":{}}
,"/Users/jonchristie/Desktop/WEB_DEV_DOCS/mathcodes.github.io/src/components/methods/Methods.jsx": {"path":"/Users/jonchristie/Desktop/WEB_DEV_DOCS/mathcodes.github.io/src/components/methods/Methods.jsx","statementMap":{"0":{"start":{"line":4,"column":18},"end":{"line":11,"column":1}},"1":{"start":{"line":15,"column":16},"end":{"line":44,"column":1}},"2":{"start":{"line":17,"column":16},"end":{"line":35,"column":4}},"3":{"start":{"line":18,"column":0},"end":{"line":33,"column":6}},"4":{"start":{"line":37,"column":2},"end":{"line":43,"column":4}}},"fnMap":{"0":{"name":"(anonymous_0)","decl":{"start":{"line":15,"column":16},"end":{"line":15,"column":17}},"loc":{"start":{"line":15,"column":22},"end":{"line":44,"column":1}},"line":15},"1":{"name":"(anonymous_1)","decl":{"start":{"line":17,"column":33},"end":{"line":17,"column":34}},"loc":{"start":{"line":18,"column":0},"end":{"line":33,"column":6}},"line":18}},"branchMap":{},"s":{"0":0,"1":0,"2":0,"3":0,"4":0},"f":{"0":0,"1":0},"b":{}}
,"/Users/jonchristie/Desktop/WEB_DEV_DOCS/mathcodes.github.io/src/components/pricing/Pricing.jsx": {"path":"/Users/jonchristie/Desktop/WEB_DEV_DOCS/mathcodes.github.io/src/components/pricing/Pricing.jsx","statementMap":{"0":{"start":{"line":5,"column":2},"end":{"line":187,"column":3}}},"fnMap":{"0":{"name":"Pricing","decl":{"start":{"line":3,"column":24},"end":{"line":3,"column":31}},"loc":{"start":{"line":3,"column":34},"end":{"line":188,"column":1}},"line":3}},"branchMap":{},"s":{"0":0},"f":{"0":0},"b":{}}
,"/Users/jonchristie/Desktop/WEB_DEV_DOCS/mathcodes.github.io/src/components/pricing/ServicesComponent.jsx": {"path":"/Users/jonchristie/Desktop/WEB_DEV_DOCS/mathcodes.github.io/src/components/pricing/ServicesComponent.jsx","statementMap":{"0":{"start":{"line":7,"column":25},"end":{"line":36,"column":3}},"1":{"start":{"line":42,"column":2},"end":{"line":84,"column":6}},"2":{"start":{"line":53,"column":10},"end":{"line":78,"column":11}}},"fnMap":{"0":{"name":"ServicesComponent","decl":{"start":{"line":6,"column":9},"end":{"line":6,"column":26}},"loc":{"start":{"line":6,"column":29},"end":{"line":85,"column":1}},"line":6},"1":{"name":"(anonymous_1)","decl":{"start":{"line":51,"column":27},"end":{"line":51,"column":28}},"loc":{"start":{"line":51,"column":32},"end":{"line":79,"column":9}},"line":51}},"branchMap":{},"s":{"0":0,"1":0,"2":0},"f":{"0":0,"1":0},"b":{}}
,"/Users/jonchristie/Desktop/WEB_DEV_DOCS/mathcodes.github.io/src/components/projects/ProjectGallery.jsx": {"path":"/Users/jonchristie/Desktop/WEB_DEV_DOCS/mathcodes.github.io/src/components/projects/ProjectGallery.jsx","statementMap":{"0":{"start":{"line":4,"column":23},"end":{"line":23,"column":1}},"1":{"start":{"line":5,"column":31},"end":{"line":5,"column":63}},"2":{"start":{"line":7,"column":1},"end":{"line":22,"column":3}},"3":{"start":{"line":10,"column":4},"end":{"line":19,"column":6}}},"fnMap":{"0":{"name":"(anonymous_0)","decl":{"start":{"line":4,"column":23},"end":{"line":4,"column":24}},"loc":{"start":{"line":4,"column":29},"end":{"line":23,"column":1}},"line":4},"1":{"name":"(anonymous_1)","decl":{"start":{"line":9,"column":40},"end":{"line":9,"column":41}},"loc":{"start":{"line":9,"column":53},"end":{"line":20,"column":4}},"line":9}},"branchMap":{},"s":{"0":0,"1":0,"2":0,"3":0},"f":{"0":0,"1":0},"b":{}}
,"/Users/jonchristie/Desktop/WEB_DEV_DOCS/mathcodes.github.io/src/components/projects/ProjectHeader.jsx": {"path":"/Users/jonchristie/Desktop/WEB_DEV_DOCS/mathcodes.github.io/src/components/projects/ProjectHeader.jsx","statementMap":{"0":{"start":{"line":5,"column":28},"end":{"line":29,"column":1}},"1":{"start":{"line":6,"column":31},"end":{"line":6,"column":63}},"2":{"start":{"line":8,"column":1},"end":{"line":28,"column":3}}},"fnMap":{"0":{"name":"(anonymous_0)","decl":{"start":{"line":5,"column":28},"end":{"line":5,"column":29}},"loc":{"start":{"line":5,"column":34},"end":{"line":29,"column":1}},"line":5}},"branchMap":{},"s":{"0":0,"1":0,"2":0},"f":{"0":0},"b":{}}
,"/Users/jonchristie/Desktop/WEB_DEV_DOCS/mathcodes.github.io/src/components/projects/ProjectInfo.jsx": {"path":"/Users/jonchristie/Desktop/WEB_DEV_DOCS/mathcodes.github.io/src/components/projects/ProjectInfo.jsx","statementMap":{"0":{"start":{"line":4,"column":20},"end":{"line":110,"column":1}},"1":{"start":{"line":5,"column":31},"end":{"line":5,"column":63}},"2":{"start":{"line":7,"column":1},"end":{"line":109,"column":3}},"3":{"start":{"line":18,"column":8},"end":{"line":37,"column":10}},"4":{"start":{"line":73,"column":8},"end":{"line":85,"column":10}},"5":{"start":{"line":98,"column":5},"end":{"line":105,"column":7}}},"fnMap":{"0":{"name":"(anonymous_0)","decl":{"start":{"line":4,"column":20},"end":{"line":4,"column":21}},"loc":{"start":{"line":4,"column":26},"end":{"line":110,"column":1}},"line":4},"1":{"name":"(anonymous_1)","decl":{"start":{"line":17,"column":7},"end":{"line":17,"column":8}},"loc":{"start":{"line":17,"column":17},"end":{"line":38,"column":8}},"line":17},"2":{"name":"(anonymous_2)","decl":{"start":{"line":72,"column":7},"end":{"line":72,"column":8}},"loc":{"start":{"line":72,"column":19},"end":{"line":86,"column":8}},"line":72},"3":{"name":"(anonymous_3)","decl":{"start":{"line":97,"column":54},"end":{"line":97,"column":55}},"loc":{"start":{"line":97,"column":67},"end":{"line":106,"column":5}},"line":97}},"branchMap":{"0":{"loc":{"start":{"line":27,"column":12},"end":{"line":30,"column":17}},"type":"cond-expr","locations":[{"start":{"line":29,"column":15},"end":{"line":29,"column":109}},{"start":{"line":30,"column":15},"end":{"line":30,"column":17}}],"line":27},"1":{"loc":{"start":{"line":27,"column":12},"end":{"line":28,"column":34}},"type":"binary-expr","locations":[{"start":{"line":27,"column":12},"end":{"line":27,"column":36}},{"start":{"line":28,"column":12},"end":{"line":28,"column":34}}],"line":27}},"s":{"0":0,"1":0,"2":0,"3":0,"4":0,"5":0},"f":{"0":0,"1":0,"2":0,"3":0},"b":{"0":[0,0],"1":[0,0]}}
,"/Users/jonchristie/Desktop/WEB_DEV_DOCS/mathcodes.github.io/src/components/projects/ProjectRelatedProjects.jsx": {"path":"/Users/jonchristie/Desktop/WEB_DEV_DOCS/mathcodes.github.io/src/components/projects/ProjectRelatedProjects.jsx","statementMap":{"0":{"start":{"line":4,"column":31},"end":{"line":27,"column":1}},"1":{"start":{"line":5,"column":31},"end":{"line":5,"column":63}},"2":{"start":{"line":7,"column":1},"end":{"line":26,"column":3}},"3":{"start":{"line":15,"column":5},"end":{"line":22,"column":7}}},"fnMap":{"0":{"name":"(anonymous_0)","decl":{"start":{"line":4,"column":31},"end":{"line":4,"column":32}},"loc":{"start":{"line":4,"column":37},"end":{"line":27,"column":1}},"line":4},"1":{"name":"(anonymous_1)","decl":{"start":{"line":14,"column":51},"end":{"line":14,"column":52}},"loc":{"start":{"line":14,"column":64},"end":{"line":23,"column":5}},"line":14}},"branchMap":{},"s":{"0":0,"1":0,"2":0,"3":0},"f":{"0":0,"1":0},"b":{}}
,"/Users/jonchristie/Desktop/WEB_DEV_DOCS/mathcodes.github.io/src/components/projects/ProjectSingle.jsx": {"path":"/Users/jonchristie/Desktop/WEB_DEV_DOCS/mathcodes.github.io/src/components/projects/ProjectSingle.jsx","statementMap":{"0":{"start":{"line":3,"column":22},"end":{"line":54,"column":1}},"1":{"start":{"line":4,"column":1},"end":{"line":53,"column":3}},"2":{"start":{"line":32,"column":6},"end":{"line":39,"column":8}}},"fnMap":{"0":{"name":"(anonymous_0)","decl":{"start":{"line":3,"column":22},"end":{"line":3,"column":23}},"loc":{"start":{"line":3,"column":72},"end":{"line":54,"column":1}},"line":3},"1":{"name":"(anonymous_1)","decl":{"start":{"line":31,"column":15},"end":{"line":31,"column":16}},"loc":{"start":{"line":31,"column":24},"end":{"line":40,"column":6}},"line":31}},"branchMap":{},"s":{"0":0,"1":0,"2":0},"f":{"0":0,"1":0},"b":{}}
,"/Users/jonchristie/Desktop/WEB_DEV_DOCS/mathcodes.github.io/src/components/projects/ProjectsFilter.jsx": {"path":"/Users/jonchristie/Desktop/WEB_DEV_DOCS/mathcodes.github.io/src/components/projects/ProjectsFilter.jsx","statementMap":{"0":{"start":{"line":1,"column":22},"end":{"line":6,"column":1}},"1":{"start":{"line":8,"column":23},"end":{"line":41,"column":1}},"2":{"start":{"line":9,"column":1},"end":{"line":40,"column":3}},"3":{"start":{"line":12,"column":4},"end":{"line":12,"column":37}},"4":{"start":{"line":35,"column":4},"end":{"line":37,"column":13}}},"fnMap":{"0":{"name":"(anonymous_0)","decl":{"start":{"line":8,"column":23},"end":{"line":8,"column":24}},"loc":{"start":{"line":8,"column":49},"end":{"line":41,"column":1}},"line":8},"1":{"name":"(anonymous_1)","decl":{"start":{"line":11,"column":13},"end":{"line":11,"column":14}},"loc":{"start":{"line":11,"column":20},"end":{"line":13,"column":4}},"line":11},"2":{"name":"(anonymous_2)","decl":{"start":{"line":34,"column":22},"end":{"line":34,"column":23}},"loc":{"start":{"line":35,"column":4},"end":{"line":37,"column":13}},"line":35}},"branchMap":{},"s":{"0":0,"1":0,"2":0,"3":0,"4":0},"f":{"0":0,"1":0,"2":0},"b":{}}
,"/Users/jonchristie/Desktop/WEB_DEV_DOCS/mathcodes.github.io/src/components/projects/ProjectsGrid.jsx": {"path":"/Users/jonchristie/Desktop/WEB_DEV_DOCS/mathcodes.github.io/src/components/projects/ProjectsGrid.jsx","statementMap":{"0":{"start":{"line":7,"column":21},"end":{"line":107,"column":1}},"1":{"start":{"line":16,"column":5},"end":{"line":16,"column":32}},"2":{"start":{"line":18,"column":1},"end":{"line":106,"column":3}},"3":{"start":{"line":52,"column":8},"end":{"line":52,"column":41}},"4":{"start":{"line":71,"column":7},"end":{"line":79,"column":9}},"5":{"start":{"line":83,"column":7},"end":{"line":91,"column":9}},"6":{"start":{"line":94,"column":7},"end":{"line":102,"column":9}}},"fnMap":{"0":{"name":"(anonymous_0)","decl":{"start":{"line":7,"column":21},"end":{"line":7,"column":22}},"loc":{"start":{"line":7,"column":27},"end":{"line":107,"column":1}},"line":7},"1":{"name":"(anonymous_1)","decl":{"start":{"line":51,"column":17},"end":{"line":51,"column":18}},"loc":{"start":{"line":51,"column":24},"end":{"line":53,"column":8}},"line":51},"2":{"name":"(anonymous_2)","decl":{"start":{"line":70,"column":36},"end":{"line":70,"column":37}},"loc":{"start":{"line":71,"column":7},"end":{"line":79,"column":9}},"line":71},"3":{"name":"(anonymous_3)","decl":{"start":{"line":82,"column":33},"end":{"line":82,"column":34}},"loc":{"start":{"line":83,"column":7},"end":{"line":91,"column":9}},"line":83},"4":{"name":"(anonymous_4)","decl":{"start":{"line":93,"column":20},"end":{"line":93,"column":21}},"loc":{"start":{"line":94,"column":7},"end":{"line":102,"column":9}},"line":94}},"branchMap":{"0":{"loc":{"start":{"line":69,"column":5},"end":{"line":103,"column":9}},"type":"cond-expr","locations":[{"start":{"line":70,"column":7},"end":{"line":80,"column":9}},{"start":{"line":81,"column":7},"end":{"line":103,"column":9}}],"line":69},"1":{"loc":{"start":{"line":81,"column":7},"end":{"line":103,"column":9}},"type":"cond-expr","locations":[{"start":{"line":82,"column":7},"end":{"line":92,"column":9}},{"start":{"line":93,"column":7},"end":{"line":103,"column":9}}],"line":81}},"s":{"0":0,"1":0,"2":0,"3":0,"4":0,"5":0,"6":0},"f":{"0":0,"1":0,"2":0,"3":0,"4":0},"b":{"0":[0,0],"1":[0,0]}}
,"/Users/jonchristie/Desktop/WEB_DEV_DOCS/mathcodes.github.io/src/components/reusable/Button.jsx": {"path":"/Users/jonchristie/Desktop/WEB_DEV_DOCS/mathcodes.github.io/src/components/reusable/Button.jsx","statementMap":{"0":{"start":{"line":2,"column":1},"end":{"line":2,"column":33}}},"fnMap":{"0":{"name":"Button","decl":{"start":{"line":1,"column":9},"end":{"line":1,"column":15}},"loc":{"start":{"line":1,"column":27},"end":{"line":3,"column":1}},"line":1}},"branchMap":{},"s":{"0":1},"f":{"0":1},"b":{},"_coverageSchema":"1a1c01bbd47fc00a2c39e90264f33305004495a9","hash":"d2ef2be5dc9ed7b49c6ae16d3bac61e92fc5787b"}
,"/Users/jonchristie/Desktop/WEB_DEV_DOCS/mathcodes.github.io/src/components/reusable/FormInput.jsx": {"path":"/Users/jonchristie/Desktop/WEB_DEV_DOCS/mathcodes.github.io/src/components/reusable/FormInput.jsx","statementMap":{"0":{"start":{"line":3,"column":18},"end":{"line":31,"column":1}},"1":{"start":{"line":12,"column":1},"end":{"line":30,"column":3}}},"fnMap":{"0":{"name":"(anonymous_0)","decl":{"start":{"line":3,"column":18},"end":{"line":3,"column":19}},"loc":{"start":{"line":11,"column":6},"end":{"line":31,"column":1}},"line":11}},"branchMap":{},"s":{"0":0,"1":0},"f":{"0":0},"b":{}}
,"/Users/jonchristie/Desktop/WEB_DEV_DOCS/mathcodes.github.io/src/components/services/Services.jsx": {"path":"/Users/jonchristie/Desktop/WEB_DEV_DOCS/mathcodes.github.io/src/components/services/Services.jsx","statementMap":{"0":{"start":{"line":4,"column":17},"end":{"line":12,"column":1}},"1":{"start":{"line":5,"column":1},"end":{"line":11,"column":3}}},"fnMap":{"0":{"name":"(anonymous_0)","decl":{"start":{"line":4,"column":17},"end":{"line":4,"column":18}},"loc":{"start":{"line":4,"column":23},"end":{"line":12,"column":1}},"line":4}},"branchMap":{},"s":{"0":0,"1":0},"f":{"0":0},"b":{}}
,"/Users/jonchristie/Desktop/WEB_DEV_DOCS/mathcodes.github.io/src/components/services/ServicesGallery.jsx": {"path":"/Users/jonchristie/Desktop/WEB_DEV_DOCS/mathcodes.github.io/src/components/services/ServicesGallery.jsx","statementMap":{"0":{"start":{"line":7,"column":21},"end":{"line":32,"column":1}},"1":{"start":{"line":35,"column":2},"end":{"line":59,"column":3}},"2":{"start":{"line":45,"column":38},"end":{"line":53,"column":15}}},"fnMap":{"0":{"name":"ServicesGallery","decl":{"start":{"line":34,"column":24},"end":{"line":34,"column":39}},"loc":{"start":{"line":34,"column":42},"end":{"line":60,"column":1}},"line":34},"1":{"name":"(anonymous_1)","decl":{"start":{"line":45,"column":30},"end":{"line":45,"column":31}},"loc":{"start":{"line":45,"column":38},"end":{"line":53,"column":15}},"line":45}},"branchMap":{},"s":{"0":0,"1":0,"2":0},"f":{"0":0,"1":0},"b":{}}
,"/Users/jonchristie/Desktop/WEB_DEV_DOCS/mathcodes.github.io/src/components/shared/AppBanner.jsx": {"path":"/Users/jonchristie/Desktop/WEB_DEV_DOCS/mathcodes.github.io/src/components/shared/AppBanner.jsx","statementMap":{"0":{"start":{"line":7,"column":18},"end":{"line":86,"column":1}},"1":{"start":{"line":8,"column":23},"end":{"line":8,"column":41}},"2":{"start":{"line":10,"column":1},"end":{"line":85,"column":3}}},"fnMap":{"0":{"name":"(anonymous_0)","decl":{"start":{"line":7,"column":18},"end":{"line":7,"column":19}},"loc":{"start":{"line":7,"column":24},"end":{"line":86,"column":1}},"line":7}},"branchMap":{"0":{"loc":{"start":{"line":78,"column":6},"end":{"line":78,"column":61}},"type":"cond-expr","locations":[{"start":{"line":78,"column":31},"end":{"line":78,"column":45}},{"start":{"line":78,"column":48},"end":{"line":78,"column":61}}],"line":78}},"s":{"0":1,"1":4,"2":4},"f":{"0":4},"b":{"0":[4,0]},"_coverageSchema":"1a1c01bbd47fc00a2c39e90264f33305004495a9","hash":"01620d5abed666150a93da3610ff063ff1203dcd"}
,"/Users/jonchristie/Desktop/WEB_DEV_DOCS/mathcodes.github.io/src/components/shared/AppFooter.jsx": {"path":"/Users/jonchristie/Desktop/WEB_DEV_DOCS/mathcodes.github.io/src/components/shared/AppFooter.jsx","statementMap":{"0":{"start":{"line":10,"column":20},"end":{"line":36,"column":1}},"1":{"start":{"line":38,"column":18},"end":{"line":67,"column":1}},"2":{"start":{"line":39,"column":1},"end":{"line":66,"column":3}},"3":{"start":{"line":49,"column":7},"end":{"line":58,"column":11}}},"fnMap":{"0":{"name":"(anonymous_0)","decl":{"start":{"line":38,"column":18},"end":{"line":38,"column":19}},"loc":{"start":{"line":38,"column":24},"end":{"line":67,"column":1}},"line":38},"1":{"name":"(anonymous_1)","decl":{"start":{"line":48,"column":23},"end":{"line":48,"column":24}},"loc":{"start":{"line":49,"column":7},"end":{"line":58,"column":11}},"line":49}},"branchMap":{},"s":{"0":0,"1":0,"2":0,"3":0},"f":{"0":0,"1":0},"b":{}}
,"/Users/jonchristie/Desktop/WEB_DEV_DOCS/mathcodes.github.io/src/components/shared/AppFooterCopyright.jsx": {"path":"/Users/jonchristie/Desktop/WEB_DEV_DOCS/mathcodes.github.io/src/components/shared/AppFooterCopyright.jsx","statementMap":{"0":{"start":{"line":2,"column":1},"end":{"line":25,"column":3}}},"fnMap":{"0":{"name":"AppFooterCopyright","decl":{"start":{"line":1,"column":9},"end":{"line":1,"column":27}},"loc":{"start":{"line":1,"column":30},"end":{"line":26,"column":1}},"line":1}},"branchMap":{},"s":{"0":0},"f":{"0":0},"b":{}}
,"/Users/jonchristie/Desktop/WEB_DEV_DOCS/mathcodes.github.io/src/components/shared/AppHeader.jsx": {"path":"/Users/jonchristie/Desktop/WEB_DEV_DOCS/mathcodes.github.io/src/components/shared/AppHeader.jsx","statementMap":{"0":{"start":{"line":13,"column":18},"end":{"line":217,"column":1}},"1":{"start":{"line":14,"column":33},"end":{"line":14,"column":48}},"2":{"start":{"line":16,"column":33},"end":{"line":16,"column":51}},"3":{"start":{"line":19,"column":2},"end":{"line":23,"column":3}},"4":{"start":{"line":20,"column":3},"end":{"line":20,"column":21}},"5":{"start":{"line":22,"column":3},"end":{"line":22,"column":22}},"6":{"start":{"line":26,"column":18},"end":{"line":32,"column":2}},"7":{"start":{"line":27,"column":2},"end":{"line":31,"column":3}},"8":{"start":{"line":28,"column":3},"end":{"line":28,"column":21}},"9":{"start":{"line":30,"column":3},"end":{"line":30,"column":56}},"10":{"start":{"line":48,"column":1},"end":{"line":216,"column":3}},"11":{"start":{"line":66,"column":21},"end":{"line":66,"column":42}},"12":{"start":{"line":188,"column":21},"end":{"line":188,"column":42}}},"fnMap":{"0":{"name":"(anonymous_0)","decl":{"start":{"line":13,"column":18},"end":{"line":13,"column":19}},"loc":{"start":{"line":13,"column":24},"end":{"line":217,"column":1}},"line":13},"1":{"name":"toggleMenu","decl":{"start":{"line":18,"column":10},"end":{"line":18,"column":20}},"loc":{"start":{"line":18,"column":23},"end":{"line":24,"column":2}},"line":18},"2":{"name":"(anonymous_2)","decl":{"start":{"line":26,"column":18},"end":{"line":26,"column":19}},"loc":{"start":{"line":26,"column":24},"end":{"line":32,"column":2}},"line":26},"3":{"name":"(anonymous_3)","decl":{"start":{"line":66,"column":15},"end":{"line":66,"column":16}},"loc":{"start":{"line":66,"column":21},"end":{"line":66,"column":42}},"line":66},"4":{"name":"(anonymous_4)","decl":{"start":{"line":188,"column":15},"end":{"line":188,"column":16}},"loc":{"start":{"line":188,"column":21},"end":{"line":188,"column":42}},"line":188}},"branchMap":{"0":{"loc":{"start":{"line":19,"column":2},"end":{"line":23,"column":3}},"type":"if","locations":[{"start":{"line":19,"column":2},"end":{"line":23,"column":3}},{"start":{"line":21,"column":9},"end":{"line":23,"column":3}}],"line":19},"1":{"loc":{"start":{"line":27,"column":2},"end":{"line":31,"column":3}},"type":"if","locations":[{"start":{"line":27,"column":2},"end":{"line":31,"column":3}},{"start":{"line":29,"column":9},"end":{"line":31,"column":3}}],"line":27},"2":{"loc":{"start":{"line":30,"column":10},"end":{"line":30,"column":55}},"type":"cond-expr","locations":[{"start":{"line":30,"column":35},"end":{"line":30,"column":43}},{"start":{"line":30,"column":46},"end":{"line":30,"column":55}}],"line":30},"3":{"loc":{"start":{"line":70,"column":7},"end":{"line":74,"column":7}},"type":"cond-expr","locations":[{"start":{"line":71,"column":7},"end":{"line":71,"column":129}},{"start":{"line":73,"column":7},"end":{"line":73,"column":69}}],"line":70},"4":{"loc":{"start":{"line":90,"column":9},"end":{"line":94,"column":9}},"type":"cond-expr","locations":[{"start":{"line":91,"column":9},"end":{"line":91,"column":37}},{"start":{"line":93,"column":9},"end":{"line":93,"column":40}}],"line":90},"5":{"loc":{"start":{"line":103,"column":6},"end":{"line":105,"column":17}},"type":"cond-expr","locations":[{"start":{"line":104,"column":9},"end":{"line":104,"column":113}},{"start":{"line":105,"column":9},"end":{"line":105,"column":17}}],"line":103},"6":{"loc":{"start":{"line":192,"column":7},"end":{"line":196,"column":7}},"type":"cond-expr","locations":[{"start":{"line":193,"column":7},"end":{"line":193,"column":129}},{"start":{"line":195,"column":7},"end":{"line":195,"column":69}}],"line":192}},"s":{"0":0,"1":0,"2":0,"3":0,"4":0,"5":0,"6":0,"7":0,"8":0,"9":0,"10":0,"11":0,"12":0},"f":{"0":0,"1":0,"2":0,"3":0,"4":0},"b":{"0":[0,0],"1":[0,0],"2":[0,0],"3":[0,0],"4":[0,0],"5":[0,0],"6":[0,0]}}
,"/Users/jonchristie/Desktop/WEB_DEV_DOCS/mathcodes.github.io/src/components/sitemap/SiteMap.jsx": {"path":"/Users/jonchristie/Desktop/WEB_DEV_DOCS/mathcodes.github.io/src/components/sitemap/SiteMap.jsx","statementMap":{"0":{"start":{"line":3,"column":19},"end":{"line":16,"column":1}},"1":{"start":{"line":20,"column":2},"end":{"line":22,"column":3}}},"fnMap":{"0":{"name":"SiteMap","decl":{"start":{"line":18,"column":24},"end":{"line":18,"column":31}},"loc":{"start":{"line":18,"column":34},"end":{"line":23,"column":1}},"line":18}},"branchMap":{},"s":{"0":0,"1":0},"f":{"0":0},"b":{}}
,"/Users/jonchristie/Desktop/WEB_DEV_DOCS/mathcodes.github.io/src/components/skills/Skills.jsx": {"path":"/Users/jonchristie/Desktop/WEB_DEV_DOCS/mathcodes.github.io/src/components/skills/Skills.jsx","statementMap":{"0":{"start":{"line":31,"column":21},"end":{"line":58,"column":1}},"1":{"start":{"line":64,"column":2},"end":{"line":88,"column":3}},"2":{"start":{"line":70,"column":12},"end":{"line":82,"column":15}}},"fnMap":{"0":{"name":"Skills","decl":{"start":{"line":63,"column":24},"end":{"line":63,"column":30}},"loc":{"start":{"line":63,"column":33},"end":{"line":89,"column":1}},"line":63},"1":{"name":"(anonymous_1)","decl":{"start":{"line":69,"column":21},"end":{"line":69,"column":22}},"loc":{"start":{"line":70,"column":12},"end":{"line":82,"column":15}},"line":70}},"branchMap":{},"s":{"0":0,"1":0,"2":0},"f":{"0":0,"1":0},"b":{}}
,"/Users/jonchristie/Desktop/WEB_DEV_DOCS/mathcodes.github.io/src/components/tweets/Tweets.jsx": {"path":"/Users/jonchristie/Desktop/WEB_DEV_DOCS/mathcodes.github.io/src/components/tweets/Tweets.jsx","statementMap":{"0":{"start":{"line":5,"column":38},"end":{"line":5,"column":53}},"1":{"start":{"line":7,"column":23},"end":{"line":9,"column":3}},"2":{"start":{"line":8,"column":4},"end":{"line":8,"column":31}},"3":{"start":{"line":11,"column":2},"end":{"line":138,"column":4}}},"fnMap":{"0":{"name":"Tweets","decl":{"start":{"line":4,"column":9},"end":{"line":4,"column":15}},"loc":{"start":{"line":4,"column":18},"end":{"line":139,"column":1}},"line":4},"1":{"name":"(anonymous_1)","decl":{"start":{"line":7,"column":23},"end":{"line":7,"column":24}},"loc":{"start":{"line":7,"column":29},"end":{"line":9,"column":3}},"line":7}},"branchMap":{"0":{"loc":{"start":{"line":18,"column":97},"end":{"line":18,"column":139}},"type":"cond-expr","locations":[{"start":{"line":18,"column":110},"end":{"line":18,"column":123}},{"start":{"line":18,"column":126},"end":{"line":18,"column":139}}],"line":18},"1":{"loc":{"start":{"line":21,"column":7},"end":{"line":136,"column":7}},"type":"binary-expr","locations":[{"start":{"line":21,"column":7},"end":{"line":21,"column":17}},{"start":{"line":22,"column":8},"end":{"line":135,"column":14}}],"line":21}},"s":{"0":0,"1":0,"2":0,"3":0},"f":{"0":0,"1":0},"b":{"0":[0,0],"1":[0,0]}}
,"/Users/jonchristie/Desktop/WEB_DEV_DOCS/mathcodes.github.io/src/context/AboutMeContext.jsx": {"path":"/Users/jonchristie/Desktop/WEB_DEV_DOCS/mathcodes.github.io/src/context/AboutMeContext.jsx","statementMap":{"0":{"start":{"line":6,"column":23},"end":{"line":6,"column":38}},"1":{"start":{"line":8,"column":31},"end":{"line":28,"column":1}},"2":{"start":{"line":9,"column":31},"end":{"line":9,"column":50}},"3":{"start":{"line":11,"column":24},"end":{"line":11,"column":42}},"4":{"start":{"line":13,"column":39},"end":{"line":13,"column":64}},"5":{"start":{"line":15,"column":1},"end":{"line":27,"column":3}}},"fnMap":{"0":{"name":"(anonymous_0)","decl":{"start":{"line":8,"column":31},"end":{"line":8,"column":32}},"loc":{"start":{"line":8,"column":49},"end":{"line":28,"column":1}},"line":8}},"branchMap":{},"s":{"0":0,"1":0,"2":0,"3":0,"4":0,"5":0},"f":{"0":0},"b":{}}
,"/Users/jonchristie/Desktop/WEB_DEV_DOCS/mathcodes.github.io/src/context/ProjectsContext.jsx": {"path":"/Users/jonchristie/Desktop/WEB_DEV_DOCS/mathcodes.github.io/src/context/ProjectsContext.jsx","statementMap":{"0":{"start":{"line":5,"column":31},"end":{"line":5,"column":46}},"1":{"start":{"line":8,"column":32},"end":{"line":48,"column":1}},"2":{"start":{"line":9,"column":33},"end":{"line":9,"column":55}},"3":{"start":{"line":10,"column":43},"end":{"line":10,"column":55}},"4":{"start":{"line":11,"column":43},"end":{"line":11,"column":55}},"5":{"start":{"line":14,"column":31},"end":{"line":23,"column":3}},"6":{"start":{"line":15,"column":17},"end":{"line":21,"column":7}},"7":{"start":{"line":22,"column":2},"end":{"line":22,"column":16}},"8":{"start":{"line":26,"column":34},"end":{"line":30,"column":3}},"9":{"start":{"line":28,"column":3},"end":{"line":28,"column":65}},"10":{"start":{"line":29,"column":2},"end":{"line":29,"column":42}},"11":{"start":{"line":32,"column":1},"end":{"line":47,"column":3}}},"fnMap":{"0":{"name":"(anonymous_0)","decl":{"start":{"line":8,"column":32},"end":{"line":8,"column":33}},"loc":{"start":{"line":8,"column":43},"end":{"line":48,"column":1}},"line":8},"1":{"name":"(anonymous_1)","decl":{"start":{"line":14,"column":47},"end":{"line":14,"column":48}},"loc":{"start":{"line":14,"column":57},"end":{"line":23,"column":2}},"line":14},"2":{"name":"(anonymous_2)","decl":{"start":{"line":26,"column":50},"end":{"line":26,"column":51}},"loc":{"start":{"line":26,"column":60},"end":{"line":30,"column":2}},"line":26}},"branchMap":{"0":{"loc":{"start":{"line":15,"column":17},"end":{"line":21,"column":7}},"type":"cond-expr","locations":[{"start":{"line":18,"column":5},"end":{"line":18,"column":9}},{"start":{"line":19,"column":5},"end":{"line":21,"column":7}}],"line":15},"1":{"loc":{"start":{"line":19,"column":5},"end":{"line":21,"column":7}},"type":"cond-expr","locations":[{"start":{"line":20,"column":5},"end":{"line":20,"column":9}},{"start":{"line":21,"column":5},"end":{"line":21,"column":7}}],"line":19}},"s":{"0":0,"1":0,"2":0,"3":0,"4":0,"5":0,"6":0,"7":0,"8":0,"9":0,"10":0,"11":0},"f":{"0":0,"1":0,"2":0},"b":{"0":[0,0],"1":[0,0]}}
,"/Users/jonchristie/Desktop/WEB_DEV_DOCS/mathcodes.github.io/src/context/ServicesContext.jsx": {"path":"/Users/jonchristie/Desktop/WEB_DEV_DOCS/mathcodes.github.io/src/context/ServicesContext.jsx","statementMap":{"0":{"start":{"line":5,"column":31},"end":{"line":5,"column":46}},"1":{"start":{"line":8,"column":32},"end":{"line":48,"column":1}},"2":{"start":{"line":9,"column":33},"end":{"line":9,"column":55}},"3":{"start":{"line":10,"column":43},"end":{"line":10,"column":55}},"4":{"start":{"line":11,"column":43},"end":{"line":11,"column":55}},"5":{"start":{"line":32,"column":1},"end":{"line":47,"column":3}}},"fnMap":{"0":{"name":"(anonymous_0)","decl":{"start":{"line":8,"column":32},"end":{"line":8,"column":33}},"loc":{"start":{"line":8,"column":43},"end":{"line":48,"column":1}},"line":8}},"branchMap":{},"s":{"0":0,"1":0,"2":0,"3":0,"4":0,"5":0},"f":{"0":0},"b":{}}
,"/Users/jonchristie/Desktop/WEB_DEV_DOCS/mathcodes.github.io/src/context/SingleProjectContext.jsx": {"path":"/Users/jonchristie/Desktop/WEB_DEV_DOCS/mathcodes.github.io/src/context/SingleProjectContext.jsx","statementMap":{"0":{"start":{"line":4,"column":29},"end":{"line":4,"column":44}},"1":{"start":{"line":6,"column":37},"end":{"line":18,"column":1}},"2":{"start":{"line":7,"column":51},"end":{"line":9,"column":2}},"3":{"start":{"line":11,"column":1},"end":{"line":17,"column":3}}},"fnMap":{"0":{"name":"(anonymous_0)","decl":{"start":{"line":6,"column":37},"end":{"line":6,"column":38}},"loc":{"start":{"line":6,"column":55},"end":{"line":18,"column":1}},"line":6}},"branchMap":{},"s":{"0":0,"1":0,"2":0,"3":0},"f":{"0":0},"b":{}}
,"/Users/jonchristie/Desktop/WEB_DEV_DOCS/mathcodes.github.io/src/data/SERVprojectsData.js": {"path":"/Users/jonchristie/Desktop/WEB_DEV_DOCS/mathcodes.github.io/src/data/SERVprojectsData.js","statementMap":{"0":{"start":{"line":1,"column":28},"end":{"line":33,"column":1}}},"fnMap":{},"branchMap":{},"s":{"0":0},"f":{},"b":{}}
,"/Users/jonchristie/Desktop/WEB_DEV_DOCS/mathcodes.github.io/src/data/aboutData.js": {"path":"/Users/jonchristie/Desktop/WEB_DEV_DOCS/mathcodes.github.io/src/data/aboutData.js","statementMap":{"0":{"start":{"line":1,"column":25},"end":{"line":15,"column":1}}},"fnMap":{},"branchMap":{},"s":{"0":0},"f":{},"b":{}}
,"/Users/jonchristie/Desktop/WEB_DEV_DOCS/mathcodes.github.io/src/data/clientsData.js": {"path":"/Users/jonchristie/Desktop/WEB_DEV_DOCS/mathcodes.github.io/src/data/clientsData.js","statementMap":{"0":{"start":{"line":7,"column":30},"end":{"line":7,"column":64}},"1":{"start":{"line":9,"column":27},"end":{"line":31,"column":1}}},"fnMap":{},"branchMap":{},"s":{"0":0,"1":0},"f":{},"b":{}}
,"/Users/jonchristie/Desktop/WEB_DEV_DOCS/mathcodes.github.io/src/data/contactsData.js": {"path":"/Users/jonchristie/Desktop/WEB_DEV_DOCS/mathcodes.github.io/src/data/contactsData.js","statementMap":{"0":{"start":{"line":1,"column":28},"end":{"line":6,"column":1}}},"fnMap":{},"branchMap":{},"s":{"0":0},"f":{},"b":{}}
,"/Users/jonchristie/Desktop/WEB_DEV_DOCS/mathcodes.github.io/src/data/data.js": {"path":"/Users/jonchristie/Desktop/WEB_DEV_DOCS/mathcodes.github.io/src/data/data.js","statementMap":{"0":{"start":{"line":5,"column":25},"end":{"line":10,"column":1}},"1":{"start":{"line":12,"column":28},"end":{"line":17,"column":1}},"2":{"start":{"line":19,"column":32},"end":{"line":24,"column":1}},"3":{"start":{"line":26,"column":30},"end":{"line":48,"column":1}},"4":{"start":{"line":51,"column":26},"end":{"line":61,"column":1}},"5":{"start":{"line":72,"column":28},"end":{"line":146,"column":1}},"6":{"start":{"line":148,"column":28},"end":{"line":152,"column":1}},"7":{"start":{"line":159,"column":28},"end":{"line":190,"column":1}},"8":{"start":{"line":193,"column":26},"end":{"line":209,"column":1}},"9":{"start":{"line":211,"column":27},"end":{"line":222,"column":1}}},"fnMap":{},"branchMap":{},"s":{"0":0,"1":0,"2":0,"3":0,"4":0,"5":0,"6":0,"7":0,"8":0,"9":0},"f":{},"b":{}}
,"/Users/jonchristie/Desktop/WEB_DEV_DOCS/mathcodes.github.io/src/data/downloadableData.js": {"path":"/Users/jonchristie/Desktop/WEB_DEV_DOCS/mathcodes.github.io/src/data/downloadableData.js","statementMap":{"0":{"start":{"line":1,"column":32},"end":{"line":6,"column":1}}},"fnMap":{},"branchMap":{},"s":{"0":0},"f":{},"b":{}}
,"/Users/jonchristie/Desktop/WEB_DEV_DOCS/mathcodes.github.io/src/data/experienceData.js": {"path":"/Users/jonchristie/Desktop/WEB_DEV_DOCS/mathcodes.github.io/src/data/experienceData.js","statementMap":{"0":{"start":{"line":1,"column":30},"end":{"line":23,"column":1}}},"fnMap":{},"branchMap":{},"s":{"0":0},"f":{},"b":{}}
,"/Users/jonchristie/Desktop/WEB_DEV_DOCS/mathcodes.github.io/src/data/headerData.js": {"path":"/Users/jonchristie/Desktop/WEB_DEV_DOCS/mathcodes.github.io/src/data/headerData.js","statementMap":{"0":{"start":{"line":1,"column":26},"end":{"line":11,"column":1}}},"fnMap":{},"branchMap":{},"s":{"0":0},"f":{},"b":{}}
,"/Users/jonchristie/Desktop/WEB_DEV_DOCS/mathcodes.github.io/src/data/learningData.js": {"path":"/Users/jonchristie/Desktop/WEB_DEV_DOCS/mathcodes.github.io/src/data/learningData.js","statementMap":{"0":{"start":{"line":1,"column":27},"end":{"line":182,"column":1}}},"fnMap":{},"branchMap":{},"s":{"0":0},"f":{},"b":{}}
,"/Users/jonchristie/Desktop/WEB_DEV_DOCS/mathcodes.github.io/src/data/methodsData copy.js": {"path":"/Users/jonchristie/Desktop/WEB_DEV_DOCS/mathcodes.github.io/src/data/methodsData copy.js","statementMap":{"0":{"start":{"line":1,"column":28},"end":{"line":217,"column":2}}},"fnMap":{},"branchMap":{},"s":{"0":0},"f":{},"b":{}}
,"/Users/jonchristie/Desktop/WEB_DEV_DOCS/mathcodes.github.io/src/data/methodsData.js": {"path":"/Users/jonchristie/Desktop/WEB_DEV_DOCS/mathcodes.github.io/src/data/methodsData.js","statementMap":{"0":{"start":{"line":1,"column":28},"end":{"line":221,"column":4}}},"fnMap":{},"branchMap":{},"s":{"0":0},"f":{},"b":{}}
,"/Users/jonchristie/Desktop/WEB_DEV_DOCS/mathcodes.github.io/src/data/offersData.js": {"path":"/Users/jonchristie/Desktop/WEB_DEV_DOCS/mathcodes.github.io/src/data/offersData.js","statementMap":{"0":{"start":{"line":1,"column":26},"end":{"line":33,"column":1}}},"fnMap":{},"branchMap":{},"s":{"0":0},"f":{},"b":{}}
,"/Users/jonchristie/Desktop/WEB_DEV_DOCS/mathcodes.github.io/src/data/projects.js": {"path":"/Users/jonchristie/Desktop/WEB_DEV_DOCS/mathcodes.github.io/src/data/projects.js","statementMap":{"0":{"start":{"line":8,"column":28},"end":{"line":75,"column":1}}},"fnMap":{},"branchMap":{},"s":{"0":0},"f":{},"b":{}}
,"/Users/jonchristie/Desktop/WEB_DEV_DOCS/mathcodes.github.io/src/data/projects2.js": {"path":"/Users/jonchristie/Desktop/WEB_DEV_DOCS/mathcodes.github.io/src/data/projects2.js","statementMap":{"0":{"start":{"line":9,"column":28},"end":{"line":51,"column":1}}},"fnMap":{},"branchMap":{},"s":{"0":0},"f":{},"b":{}}
,"/Users/jonchristie/Desktop/WEB_DEV_DOCS/mathcodes.github.io/src/data/responseData.js": {"path":"/Users/jonchristie/Desktop/WEB_DEV_DOCS/mathcodes.github.io/src/data/responseData.js","statementMap":{"0":{"start":{"line":1,"column":28},"end":{"line":5,"column":1}}},"fnMap":{},"branchMap":{},"s":{"0":0},"f":{},"b":{}}
,"/Users/jonchristie/Desktop/WEB_DEV_DOCS/mathcodes.github.io/src/data/services.js": {"path":"/Users/jonchristie/Desktop/WEB_DEV_DOCS/mathcodes.github.io/src/data/services.js","statementMap":{"0":{"start":{"line":6,"column":28},"end":{"line":31,"column":1}},"1":{"start":{"line":33,"column":29},"end":{"line":39,"column":1}}},"fnMap":{},"branchMap":{},"s":{"0":0,"1":0},"f":{},"b":{}}
,"/Users/jonchristie/Desktop/WEB_DEV_DOCS/mathcodes.github.io/src/data/singleProjectData.js": {"path":"/Users/jonchristie/Desktop/WEB_DEV_DOCS/mathcodes.github.io/src/data/singleProjectData.js","statementMap":{"0":{"start":{"line":17,"column":33},"end":{"line":162,"column":1}}},"fnMap":{},"branchMap":{},"s":{"0":0},"f":{},"b":{}}
,"/Users/jonchristie/Desktop/WEB_DEV_DOCS/mathcodes.github.io/src/data/skillsData.js": {"path":"/Users/jonchristie/Desktop/WEB_DEV_DOCS/mathcodes.github.io/src/data/skillsData.js","statementMap":{"0":{"start":{"line":1,"column":26},"end":{"line":19,"column":1}}},"fnMap":{},"branchMap":{},"s":{"0":0},"f":{},"b":{}}
,"/Users/jonchristie/Desktop/WEB_DEV_DOCS/mathcodes.github.io/src/data/socialsData.js": {"path":"/Users/jonchristie/Desktop/WEB_DEV_DOCS/mathcodes.github.io/src/data/socialsData.js","statementMap":{"0":{"start":{"line":1,"column":27},"end":{"line":12,"column":1}}},"fnMap":{},"branchMap":{},"s":{"0":0},"f":{},"b":{}}
,"/Users/jonchristie/Desktop/WEB_DEV_DOCS/mathcodes.github.io/src/data/testimonialsData.js": {"path":"/Users/jonchristie/Desktop/WEB_DEV_DOCS/mathcodes.github.io/src/data/testimonialsData.js","statementMap":{"0":{"start":{"line":8,"column":32},"end":{"line":59,"column":1}}},"fnMap":{},"branchMap":{},"s":{"0":0},"f":{},"b":{}}
,"/Users/jonchristie/Desktop/WEB_DEV_DOCS/mathcodes.github.io/src/data/themeData.js": {"path":"/Users/jonchristie/Desktop/WEB_DEV_DOCS/mathcodes.github.io/src/data/themeData.js","statementMap":{"0":{"start":{"line":6,"column":25},"end":{"line":8,"column":1}}},"fnMap":{},"branchMap":{},"s":{"0":0},"f":{},"b":{}}
,"/Users/jonchristie/Desktop/WEB_DEV_DOCS/mathcodes.github.io/src/hooks/useScrollToTop.jsx": {"path":"/Users/jonchristie/Desktop/WEB_DEV_DOCS/mathcodes.github.io/src/hooks/useScrollToTop.jsx","statementMap":{"0":{"start":{"line":7,"column":23},"end":{"line":51,"column":1}},"1":{"start":{"line":8,"column":37},"end":{"line":8,"column":52}},"2":{"start":{"line":10,"column":1},"end":{"line":15,"column":4}},"3":{"start":{"line":11,"column":2},"end":{"line":11,"column":49}},"4":{"start":{"line":12,"column":2},"end":{"line":14,"column":4}},"5":{"start":{"line":13,"column":3},"end":{"line":13,"column":53}},"6":{"start":{"line":17,"column":21},"end":{"line":23,"column":2}},"7":{"start":{"line":18,"column":2},"end":{"line":22,"column":3}},"8":{"start":{"line":19,"column":3},"end":{"line":19,"column":23}},"9":{"start":{"line":20,"column":9},"end":{"line":22,"column":3}},"10":{"start":{"line":21,"column":3},"end":{"line":21,"column":24}},"11":{"start":{"line":25,"column":19},"end":{"line":30,"column":2}},"12":{"start":{"line":26,"column":2},"end":{"line":29,"column":5}},"13":{"start":{"line":32,"column":1},"end":{"line":32,"column":48}},"14":{"start":{"line":34,"column":1},"end":{"line":50,"column":3}}},"fnMap":{"0":{"name":"(anonymous_0)","decl":{"start":{"line":7,"column":23},"end":{"line":7,"column":24}},"loc":{"start":{"line":7,"column":29},"end":{"line":51,"column":1}},"line":7},"1":{"name":"(anonymous_1)","decl":{"start":{"line":10,"column":11},"end":{"line":10,"column":12}},"loc":{"start":{"line":10,"column":17},"end":{"line":15,"column":2}},"line":10},"2":{"name":"cleanup","decl":{"start":{"line":12,"column":18},"end":{"line":12,"column":25}},"loc":{"start":{"line":12,"column":28},"end":{"line":14,"column":3}},"line":12},"3":{"name":"(anonymous_3)","decl":{"start":{"line":17,"column":21},"end":{"line":17,"column":22}},"loc":{"start":{"line":17,"column":27},"end":{"line":23,"column":2}},"line":17},"4":{"name":"(anonymous_4)","decl":{"start":{"line":25,"column":19},"end":{"line":25,"column":20}},"loc":{"start":{"line":25,"column":25},"end":{"line":30,"column":2}},"line":25}},"branchMap":{"0":{"loc":{"start":{"line":18,"column":2},"end":{"line":22,"column":3}},"type":"if","locations":[{"start":{"line":18,"column":2},"end":{"line":22,"column":3}},{"start":{"line":20,"column":9},"end":{"line":22,"column":3}}],"line":18},"1":{"loc":{"start":{"line":18,"column":6},"end":{"line":18,"column":45}},"type":"binary-expr","locations":[{"start":{"line":18,"column":6},"end":{"line":18,"column":17}},{"start":{"line":18,"column":21},"end":{"line":18,"column":45}}],"line":18},"2":{"loc":{"start":{"line":20,"column":9},"end":{"line":22,"column":3}},"type":"if","locations":[{"start":{"line":20,"column":9},"end":{"line":22,"column":3}},{"start":{},"end":{}}],"line":20},"3":{"loc":{"start":{"line":20,"column":13},"end":{"line":20,"column":52}},"type":"binary-expr","locations":[{"start":{"line":20,"column":13},"end":{"line":20,"column":23}},{"start":{"line":20,"column":27},"end":{"line":20,"column":52}}],"line":20},"4":{"loc":{"start":{"line":45,"column":14},"end":{"line":45,"column":42}},"type":"cond-expr","locations":[{"start":{"line":45,"column":27},"end":{"line":45,"column":33}},{"start":{"line":45,"column":36},"end":{"line":45,"column":42}}],"line":45}},"s":{"0":0,"1":0,"2":0,"3":0,"4":0,"5":0,"6":0,"7":0,"8":0,"9":0,"10":0,"11":0,"12":0,"13":0,"14":0},"f":{"0":0,"1":0,"2":0,"3":0,"4":0},"b":{"0":[0,0],"1":[0,0],"2":[0,0],"3":[0,0],"4":[0,0]}}
,"/Users/jonchristie/Desktop/WEB_DEV_DOCS/mathcodes.github.io/src/hooks/useThemeSwitcher.jsx": {"path":"/Users/jonchristie/Desktop/WEB_DEV_DOCS/mathcodes.github.io/src/hooks/useThemeSwitcher.jsx","statementMap":{"0":{"start":{"line":3,"column":25},"end":{"line":16,"column":1}},"1":{"start":{"line":4,"column":27},"end":{"line":4,"column":55}},"2":{"start":{"line":5,"column":21},"end":{"line":5,"column":56}},"3":{"start":{"line":7,"column":1},"end":{"line":13,"column":26}},"4":{"start":{"line":8,"column":15},"end":{"line":8,"column":46}},"5":{"start":{"line":10,"column":2},"end":{"line":10,"column":37}},"6":{"start":{"line":11,"column":2},"end":{"line":11,"column":28}},"7":{"start":{"line":12,"column":2},"end":{"line":12,"column":39}},"8":{"start":{"line":15,"column":1},"end":{"line":15,"column":32}}},"fnMap":{"0":{"name":"(anonymous_0)","decl":{"start":{"line":3,"column":25},"end":{"line":3,"column":26}},"loc":{"start":{"line":3,"column":31},"end":{"line":16,"column":1}},"line":3},"1":{"name":"(anonymous_1)","decl":{"start":{"line":7,"column":11},"end":{"line":7,"column":12}},"loc":{"start":{"line":7,"column":17},"end":{"line":13,"column":2}},"line":7}},"branchMap":{"0":{"loc":{"start":{"line":5,"column":21},"end":{"line":5,"column":56}},"type":"cond-expr","locations":[{"start":{"line":5,"column":40},"end":{"line":5,"column":47}},{"start":{"line":5,"column":50},"end":{"line":5,"column":56}}],"line":5}},"s":{"0":1,"1":4,"2":4,"3":4,"4":4,"5":4,"6":4,"7":4,"8":4},"f":{"0":4,"1":4},"b":{"0":[0,4]},"_coverageSchema":"1a1c01bbd47fc00a2c39e90264f33305004495a9","hash":"e46e9dca5a93d442d224b3014385175e008c168a"}
,"/Users/jonchristie/Desktop/WEB_DEV_DOCS/mathcodes.github.io/src/pages/AboutMe.jsx": {"path":"/Users/jonchristie/Desktop/WEB_DEV_DOCS/mathcodes.github.io/src/pages/AboutMe.jsx","statementMap":{"0":{"start":{"line":7,"column":14},"end":{"line":37,"column":1}},"1":{"start":{"line":8,"column":1},"end":{"line":36,"column":3}}},"fnMap":{"0":{"name":"(anonymous_0)","decl":{"start":{"line":7,"column":14},"end":{"line":7,"column":15}},"loc":{"start":{"line":7,"column":20},"end":{"line":37,"column":1}},"line":7}},"branchMap":{},"s":{"0":0,"1":0},"f":{"0":0},"b":{}}
,"/Users/jonchristie/Desktop/WEB_DEV_DOCS/mathcodes.github.io/src/pages/Blogs.jsx": {"path":"/Users/jonchristie/Desktop/WEB_DEV_DOCS/mathcodes.github.io/src/pages/Blogs.jsx","statementMap":{"0":{"start":{"line":5,"column":14},"end":{"line":11,"column":2}},"1":{"start":{"line":6,"column":4},"end":{"line":11,"column":1}}},"fnMap":{"0":{"name":"(anonymous_0)","decl":{"start":{"line":5,"column":14},"end":{"line":5,"column":15}},"loc":{"start":{"line":5,"column":20},"end":{"line":11,"column":2}},"line":5}},"branchMap":{},"s":{"0":0,"1":0},"f":{"0":0},"b":{}}
,"/Users/jonchristie/Desktop/WEB_DEV_DOCS/mathcodes.github.io/src/pages/Contact copy.jsx": {"path":"/Users/jonchristie/Desktop/WEB_DEV_DOCS/mathcodes.github.io/src/pages/Contact copy.jsx","statementMap":{"0":{"start":{"line":5,"column":16},"end":{"line":30,"column":1}},"1":{"start":{"line":6,"column":1},"end":{"line":29,"column":3}}},"fnMap":{"0":{"name":"(anonymous_0)","decl":{"start":{"line":5,"column":16},"end":{"line":5,"column":17}},"loc":{"start":{"line":5,"column":22},"end":{"line":30,"column":1}},"line":5}},"branchMap":{},"s":{"0":0,"1":0},"f":{"0":0},"b":{}}
,"/Users/jonchristie/Desktop/WEB_DEV_DOCS/mathcodes.github.io/src/pages/Contact.jsx": {"path":"/Users/jonchristie/Desktop/WEB_DEV_DOCS/mathcodes.github.io/src/pages/Contact.jsx","statementMap":{"0":{"start":{"line":5,"column":16},"end":{"line":29,"column":1}},"1":{"start":{"line":6,"column":1},"end":{"line":28,"column":3}}},"fnMap":{"0":{"name":"(anonymous_0)","decl":{"start":{"line":5,"column":16},"end":{"line":5,"column":17}},"loc":{"start":{"line":5,"column":22},"end":{"line":29,"column":1}},"line":5}},"branchMap":{},"s":{"0":0,"1":0},"f":{"0":0},"b":{}}
,"/Users/jonchristie/Desktop/WEB_DEV_DOCS/mathcodes.github.io/src/pages/Home.jsx": {"path":"/Users/jonchristie/Desktop/WEB_DEV_DOCS/mathcodes.github.io/src/pages/Home.jsx","statementMap":{"0":{"start":{"line":9,"column":13},"end":{"line":32,"column":1}},"1":{"start":{"line":10,"column":1},"end":{"line":31,"column":3}}},"fnMap":{"0":{"name":"(anonymous_0)","decl":{"start":{"line":9,"column":13},"end":{"line":9,"column":14}},"loc":{"start":{"line":9,"column":19},"end":{"line":32,"column":1}},"line":9}},"branchMap":{},"s":{"0":0,"1":0},"f":{"0":0},"b":{}}
,"/Users/jonchristie/Desktop/WEB_DEV_DOCS/mathcodes.github.io/src/pages/ProjectSingle.jsx": {"path":"/Users/jonchristie/Desktop/WEB_DEV_DOCS/mathcodes.github.io/src/pages/ProjectSingle.jsx","statementMap":{"0":{"start":{"line":8,"column":22},"end":{"line":28,"column":1}},"1":{"start":{"line":9,"column":1},"end":{"line":27,"column":3}}},"fnMap":{"0":{"name":"(anonymous_0)","decl":{"start":{"line":8,"column":22},"end":{"line":8,"column":23}},"loc":{"start":{"line":8,"column":28},"end":{"line":28,"column":1}},"line":8}},"branchMap":{},"s":{"0":0,"1":0},"f":{"0":0},"b":{}}
,"/Users/jonchristie/Desktop/WEB_DEV_DOCS/mathcodes.github.io/src/pages/Projects.jsx": {"path":"/Users/jonchristie/Desktop/WEB_DEV_DOCS/mathcodes.github.io/src/pages/Projects.jsx","statementMap":{"0":{"start":{"line":4,"column":17},"end":{"line":12,"column":1}},"1":{"start":{"line":5,"column":1},"end":{"line":11,"column":3}}},"fnMap":{"0":{"name":"(anonymous_0)","decl":{"start":{"line":4,"column":17},"end":{"line":4,"column":18}},"loc":{"start":{"line":4,"column":23},"end":{"line":12,"column":1}},"line":4}},"branchMap":{},"s":{"0":0,"1":0},"f":{"0":0},"b":{}}
,"/Users/jonchristie/Desktop/WEB_DEV_DOCS/mathcodes.github.io/src/pages/Resources.jsx": {"path":"/Users/jonchristie/Desktop/WEB_DEV_DOCS/mathcodes.github.io/src/pages/Resources.jsx","statementMap":{"0":{"start":{"line":5,"column":18},"end":{"line":21,"column":1}},"1":{"start":{"line":7,"column":1},"end":{"line":7,"column":26}},"2":{"start":{"line":8,"column":1},"end":{"line":20,"column":3}}},"fnMap":{"0":{"name":"(anonymous_0)","decl":{"start":{"line":5,"column":18},"end":{"line":5,"column":19}},"loc":{"start":{"line":5,"column":24},"end":{"line":21,"column":1}},"line":5}},"branchMap":{},"s":{"0":0,"1":0,"2":0},"f":{"0":0},"b":{}}
,"/Users/jonchristie/Desktop/WEB_DEV_DOCS/mathcodes.github.io/src/pages/Services.jsx": {"path":"/Users/jonchristie/Desktop/WEB_DEV_DOCS/mathcodes.github.io/src/pages/Services.jsx","statementMap":{"0":{"start":{"line":6,"column":17},"end":{"line":13,"column":2}},"1":{"start":{"line":7,"column":4},"end":{"line":13,"column":1}}},"fnMap":{"0":{"name":"(anonymous_0)","decl":{"start":{"line":6,"column":17},"end":{"line":6,"column":18}},"loc":{"start":{"line":6,"column":23},"end":{"line":13,"column":2}},"line":6}},"branchMap":{},"s":{"0":0,"1":0},"f":{"0":0},"b":{}}
}
