TN:
SF:src/App.js
FN:11,(anonymous_0)
FN:12,(anonymous_1)
FN:13,(anonymous_2)
FN:14,(anonymous_3)
FN:15,(anonymous_4)
FN:16,(anonymous_5)
FN:17,(anonymous_6)
FN:19,App
FNF:8
FNH:0
FNDA:0,(anonymous_0)
FNDA:0,(anonymous_1)
FNDA:0,(anonymous_2)
FNDA:0,(anonymous_3)
FNDA:0,(anonymous_4)
FNDA:0,(anonymous_5)
FNDA:0,(anonymous_6)
FNDA:0,App
DA:11,0
DA:12,0
DA:13,0
DA:14,0
DA:15,0
DA:16,0
DA:17,0
DA:20,0
LF:8
LH:0
BRF:0
BRH:0
end_of_record
TN:
SF:src/index.js
FNF:0
FNH:0
DA:6,0
DA:7,0
DA:8,0
DA:12,0
LF:4
LH:0
BRF:0
BRH:0
end_of_record
TN:
SF:src/reportWebVitals.js
FN:1,(anonymous_0)
FN:3,(anonymous_1)
FNF:2
FNH:0
FNDA:0,(anonymous_0)
FNDA:0,(anonymous_1)
DA:1,0
DA:2,0
DA:3,0
DA:4,0
DA:5,0
DA:6,0
DA:7,0
DA:8,0
LF:8
LH:0
BRDA:2,0,0,0
BRDA:2,0,1,0
BRDA:2,1,0,0
BRDA:2,1,1,0
BRF:4
BRH:0
end_of_record
TN:
SF:src/components/BackToTop.jsx
FN:3,(anonymous_0)
FN:6,(anonymous_1)
FNF:2
FNH:0
FNDA:0,(anonymous_0)
FNDA:0,(anonymous_1)
DA:3,0
DA:4,0
DA:6,0
DA:7,0
DA:10,0
LF:5
LH:0
BRF:0
BRH:0
end_of_record
TN:
SF:src/components/HireMeModal.jsx
FN:14,(anonymous_0)
FN:77,(anonymous_1)
FNF:2
FNH:2
FNDA:1,(anonymous_0)
FNDA:6,(anonymous_1)
DA:5,1
DA:14,1
DA:15,1
DA:78,6
LF:4
LH:4
BRF:0
BRH:0
end_of_record
TN:
SF:src/components/ScrollToTop.jsx
FN:7,(anonymous_0)
FN:10,(anonymous_1)
FNF:2
FNH:0
FNDA:0,(anonymous_0)
FNDA:0,(anonymous_1)
DA:7,0
DA:8,0
DA:10,0
DA:11,0
DA:13,0
LF:5
LH:0
BRF:0
BRH:0
end_of_record
TN:
SF:src/components/Hashnode/Hashnode.jsx
FN:4,(anonymous_0)
FN:7,(anonymous_1)
FN:8,(anonymous_2)
FN:12,(anonymous_3)
FN:28,(anonymous_4)
FNF:5
FNH:0
FNDA:0,(anonymous_0)
FNDA:0,(anonymous_1)
FNDA:0,(anonymous_2)
FNDA:0,(anonymous_3)
FNDA:0,(anonymous_4)
DA:4,0
DA:5,0
DA:7,0
DA:8,0
DA:9,0
DA:10,0
DA:11,0
DA:12,0
DA:13,0
DA:14,0
DA:16,0
DA:20,0
DA:23,0
DA:26,0
DA:30,0
LF:15
LH:0
BRDA:13,0,0,0
BRDA:13,0,1,0
BRF:2
BRH:0
end_of_record
TN:
SF:src/components/about/AboutClientSingle.jsx
FN:1,(anonymous_0)
FNF:1
FNH:0
FNDA:0,(anonymous_0)
DA:1,0
DA:2,0
LF:2
LH:0
BRF:0
BRH:0
end_of_record
TN:
SF:src/components/about/AboutClients.jsx
FN:5,(anonymous_0)
FN:14,(anonymous_1)
FNF:2
FNH:0
FNDA:0,(anonymous_0)
FNDA:0,(anonymous_1)
DA:5,0
DA:6,0
DA:8,0
DA:15,0
LF:4
LH:0
BRF:0
BRH:0
end_of_record
TN:
SF:src/components/about/AboutCounter.jsx
FN:4,(anonymous_0)
FNF:1
FNH:0
FNDA:0,(anonymous_0)
DA:4,0
DA:5,0
DA:6,0
DA:7,0
DA:8,0
DA:10,0
LF:6
LH:0
BRF:0
BRH:0
end_of_record
TN:
SF:src/components/about/AboutMe.jsx
FN:7,(anonymous_0)
FNF:1
FNH:0
FNDA:0,(anonymous_0)
DA:7,0
DA:8,0
LF:2
LH:0
BRF:0
BRH:0
end_of_record
TN:
SF:src/components/about/AboutMeBio.jsx
FN:5,(anonymous_0)
FN:21,(anonymous_1)
FNF:2
FNH:0
FNDA:0,(anonymous_0)
FNDA:0,(anonymous_1)
DA:5,0
DA:6,0
DA:8,0
DA:22,0
LF:4
LH:0
BRF:0
BRH:0
end_of_record
TN:
SF:src/components/about/CounterItem.jsx
FN:3,(anonymous_0)
FNF:1
FNH:0
FNDA:0,(anonymous_0)
DA:3,0
DA:4,0
LF:2
LH:0
BRF:0
BRH:0
end_of_record
TN:
SF:src/components/cards/CardGallery.js
FN:4,(anonymous_0)
FN:7,(anonymous_1)
FN:14,(anonymous_2)
FNF:3
FNH:0
FNDA:0,(anonymous_0)
FNDA:0,(anonymous_1)
FNDA:0,(anonymous_2)
DA:4,0
DA:5,0
DA:8,0
DA:15,0
LF:4
LH:0
BRF:0
BRH:0
end_of_record
TN:
SF:src/components/contact/ContactDetails.jsx
FN:21,(anonymous_0)
FN:29,(anonymous_1)
FNF:2
FNH:0
FNDA:0,(anonymous_0)
FNDA:0,(anonymous_1)
DA:3,0
DA:21,0
DA:22,0
DA:30,0
LF:4
LH:0
BRF:0
BRH:0
end_of_record
TN:
SF:src/components/contact/ContactForm.jsx
FN:4,(anonymous_0)
FNF:1
FNH:0
FNDA:0,(anonymous_0)
DA:4,0
DA:5,0
LF:2
LH:0
BRF:0
BRH:0
end_of_record
TN:
SF:src/components/methods/Methods.jsx
FN:15,(anonymous_0)
FN:17,(anonymous_1)
FNF:2
FNH:0
FNDA:0,(anonymous_0)
FNDA:0,(anonymous_1)
DA:4,0
DA:15,0
DA:17,0
DA:18,0
DA:37,0
LF:5
LH:0
BRF:0
BRH:0
end_of_record
TN:
SF:src/components/pricing/Pricing.jsx
FN:3,Pricing
FNF:1
FNH:0
FNDA:0,Pricing
DA:5,0
LF:1
LH:0
BRF:0
BRH:0
end_of_record
TN:
SF:src/components/pricing/ServicesComponent.jsx
FN:6,ServicesComponent
FN:51,(anonymous_1)
FNF:2
FNH:0
FNDA:0,ServicesComponent
FNDA:0,(anonymous_1)
DA:7,0
DA:42,0
DA:53,0
LF:3
LH:0
BRF:0
BRH:0
end_of_record
TN:
SF:src/components/projects/ProjectGallery.jsx
FN:4,(anonymous_0)
FN:9,(anonymous_1)
FNF:2
FNH:0
FNDA:0,(anonymous_0)
FNDA:0,(anonymous_1)
DA:4,0
DA:5,0
DA:7,0
DA:10,0
LF:4
LH:0
BRF:0
BRH:0
end_of_record
TN:
SF:src/components/projects/ProjectHeader.jsx
FN:5,(anonymous_0)
FNF:1
FNH:0
FNDA:0,(anonymous_0)
DA:5,0
DA:6,0
DA:8,0
LF:3
LH:0
BRF:0
BRH:0
end_of_record
TN:
SF:src/components/projects/ProjectInfo.jsx
FN:4,(anonymous_0)
FN:17,(anonymous_1)
FN:72,(anonymous_2)
FN:97,(anonymous_3)
FNF:4
FNH:0
FNDA:0,(anonymous_0)
FNDA:0,(anonymous_1)
FNDA:0,(anonymous_2)
FNDA:0,(anonymous_3)
DA:4,0
DA:5,0
DA:7,0
DA:18,0
DA:73,0
DA:98,0
LF:6
LH:0
BRDA:27,0,0,0
BRDA:27,0,1,0
BRDA:27,1,0,0
BRDA:27,1,1,0
BRF:4
BRH:0
end_of_record
TN:
SF:src/components/projects/ProjectRelatedProjects.jsx
FN:4,(anonymous_0)
FN:14,(anonymous_1)
FNF:2
FNH:0
FNDA:0,(anonymous_0)
FNDA:0,(anonymous_1)
DA:4,0
DA:5,0
DA:7,0
DA:15,0
LF:4
LH:0
BRF:0
BRH:0
end_of_record
TN:
SF:src/components/projects/ProjectSingle.jsx
FN:3,(anonymous_0)
FN:31,(anonymous_1)
FNF:2
FNH:0
FNDA:0,(anonymous_0)
FNDA:0,(anonymous_1)
DA:3,0
DA:4,0
DA:32,0
LF:3
LH:0
BRF:0
BRH:0
end_of_record
TN:
SF:src/components/projects/ProjectsFilter.jsx
FN:8,(anonymous_0)
FN:11,(anonymous_1)
FN:34,(anonymous_2)
FNF:3
FNH:0
FNDA:0,(anonymous_0)
FNDA:0,(anonymous_1)
FNDA:0,(anonymous_2)
DA:1,0
DA:8,0
DA:9,0
DA:12,0
DA:35,0
LF:5
LH:0
BRF:0
BRH:0
end_of_record
TN:
SF:src/components/projects/ProjectsGrid.jsx
FN:7,(anonymous_0)
FN:51,(anonymous_1)
FN:70,(anonymous_2)
FN:82,(anonymous_3)
FN:93,(anonymous_4)
FNF:5
FNH:0
FNDA:0,(anonymous_0)
FNDA:0,(anonymous_1)
FNDA:0,(anonymous_2)
FNDA:0,(anonymous_3)
FNDA:0,(anonymous_4)
DA:7,0
DA:16,0
DA:18,0
DA:52,0
DA:71,0
DA:83,0
DA:94,0
LF:7
LH:0
BRDA:69,0,0,0
BRDA:69,0,1,0
BRDA:81,1,0,0
BRDA:81,1,1,0
BRF:4
BRH:0
end_of_record
TN:
SF:src/components/reusable/Button.jsx
FN:1,Button
FNF:1
FNH:1
FNDA:1,Button
DA:2,1
LF:1
LH:1
BRF:0
BRH:0
end_of_record
TN:
SF:src/components/reusable/FormInput.jsx
FN:3,(anonymous_0)
FNF:1
FNH:0
FNDA:0,(anonymous_0)
DA:3,0
DA:12,0
LF:2
LH:0
BRF:0
BRH:0
end_of_record
TN:
SF:src/components/services/Services.jsx
FN:4,(anonymous_0)
FNF:1
FNH:0
FNDA:0,(anonymous_0)
DA:4,0
DA:5,0
LF:2
LH:0
BRF:0
BRH:0
end_of_record
TN:
SF:src/components/services/ServicesGallery.jsx
FN:34,ServicesGallery
FN:45,(anonymous_1)
FNF:2
FNH:0
FNDA:0,ServicesGallery
FNDA:0,(anonymous_1)
DA:7,0
DA:35,0
DA:45,0
LF:3
LH:0
BRF:0
BRH:0
end_of_record
TN:
SF:src/components/shared/AppBanner.jsx
FN:7,(anonymous_0)
FNF:1
FNH:1
FNDA:4,(anonymous_0)
DA:7,1
DA:8,4
DA:10,4
LF:3
LH:3
BRDA:78,0,0,4
BRDA:78,0,1,0
BRF:2
BRH:1
end_of_record
TN:
SF:src/components/shared/AppFooter.jsx
FN:38,(anonymous_0)
FN:48,(anonymous_1)
FNF:2
FNH:0
FNDA:0,(anonymous_0)
FNDA:0,(anonymous_1)
DA:10,0
DA:38,0
DA:39,0
DA:49,0
LF:4
LH:0
BRF:0
BRH:0
end_of_record
TN:
SF:src/components/shared/AppFooterCopyright.jsx
FN:1,AppFooterCopyright
FNF:1
FNH:0
FNDA:0,AppFooterCopyright
DA:2,0
LF:1
LH:0
BRF:0
BRH:0
end_of_record
TN:
SF:src/components/shared/AppHeader.jsx
FN:13,(anonymous_0)
FN:18,toggleMenu
FN:26,(anonymous_2)
FN:66,(anonymous_3)
FN:188,(anonymous_4)
FNF:5
FNH:0
FNDA:0,(anonymous_0)
FNDA:0,toggleMenu
FNDA:0,(anonymous_2)
FNDA:0,(anonymous_3)
FNDA:0,(anonymous_4)
DA:13,0
DA:14,0
DA:16,0
DA:19,0
DA:20,0
DA:22,0
DA:26,0
DA:27,0
DA:28,0
DA:30,0
DA:48,0
DA:66,0
DA:188,0
LF:13
LH:0
BRDA:19,0,0,0
BRDA:19,0,1,0
BRDA:27,1,0,0
BRDA:27,1,1,0
BRDA:30,2,0,0
BRDA:30,2,1,0
BRDA:70,3,0,0
BRDA:70,3,1,0
BRDA:90,4,0,0
BRDA:90,4,1,0
BRDA:103,5,0,0
BRDA:103,5,1,0
BRDA:192,6,0,0
BRDA:192,6,1,0
BRF:14
BRH:0
end_of_record
TN:
SF:src/components/sitemap/SiteMap.jsx
FN:18,SiteMap
FNF:1
FNH:0
FNDA:0,SiteMap
DA:3,0
DA:20,0
LF:2
LH:0
BRF:0
BRH:0
end_of_record
TN:
SF:src/components/skills/Skills.jsx
FN:63,Skills
FN:69,(anonymous_1)
FNF:2
FNH:0
FNDA:0,Skills
FNDA:0,(anonymous_1)
DA:31,0
DA:64,0
DA:70,0
LF:3
LH:0
BRF:0
BRH:0
end_of_record
TN:
SF:src/components/tweets/Tweets.jsx
FN:4,Tweets
FN:7,(anonymous_1)
FNF:2
FNH:0
FNDA:0,Tweets
FNDA:0,(anonymous_1)
DA:5,0
DA:7,0
DA:8,0
DA:11,0
LF:4
LH:0
BRDA:18,0,0,0
BRDA:18,0,1,0
BRDA:21,1,0,0
BRDA:21,1,1,0
BRF:4
BRH:0
end_of_record
TN:
SF:src/context/AboutMeContext.jsx
FN:8,(anonymous_0)
FNF:1
FNH:0
FNDA:0,(anonymous_0)
DA:6,0
DA:8,0
DA:9,0
DA:11,0
DA:13,0
DA:15,0
LF:6
LH:0
BRF:0
BRH:0
end_of_record
TN:
SF:src/context/ProjectsContext.jsx
FN:8,(anonymous_0)
FN:14,(anonymous_1)
FN:26,(anonymous_2)
FNF:3
FNH:0
FNDA:0,(anonymous_0)
FNDA:0,(anonymous_1)
FNDA:0,(anonymous_2)
DA:5,0
DA:8,0
DA:9,0
DA:10,0
DA:11,0
DA:14,0
DA:15,0
DA:22,0
DA:26,0
DA:28,0
DA:29,0
DA:32,0
LF:12
LH:0
BRDA:15,0,0,0
BRDA:15,0,1,0
BRDA:19,1,0,0
BRDA:19,1,1,0
BRF:4
BRH:0
end_of_record
TN:
SF:src/context/ServicesContext.jsx
FN:8,(anonymous_0)
FNF:1
FNH:0
FNDA:0,(anonymous_0)
DA:5,0
DA:8,0
DA:9,0
DA:10,0
DA:11,0
DA:32,0
LF:6
LH:0
BRF:0
BRH:0
end_of_record
TN:
SF:src/context/SingleProjectContext.jsx
FN:6,(anonymous_0)
FNF:1
FNH:0
FNDA:0,(anonymous_0)
DA:4,0
DA:6,0
DA:7,0
DA:11,0
LF:4
LH:0
BRF:0
BRH:0
end_of_record
TN:
SF:src/data/SERVprojectsData.js
FNF:0
FNH:0
DA:1,0
LF:1
LH:0
BRF:0
BRH:0
end_of_record
TN:
SF:src/data/aboutData.js
FNF:0
FNH:0
DA:1,0
LF:1
LH:0
BRF:0
BRH:0
end_of_record
TN:
SF:src/data/clientsData.js
FNF:0
FNH:0
DA:7,0
DA:9,0
LF:2
LH:0
BRF:0
BRH:0
end_of_record
TN:
SF:src/data/contactsData.js
FNF:0
FNH:0
DA:1,0
LF:1
LH:0
BRF:0
BRH:0
end_of_record
TN:
SF:src/data/data.js
FNF:0
FNH:0
DA:5,0
DA:12,0
DA:19,0
DA:26,0
DA:51,0
DA:72,0
DA:148,0
DA:159,0
DA:193,0
DA:211,0
LF:10
LH:0
BRF:0
BRH:0
end_of_record
TN:
SF:src/data/downloadableData.js
FNF:0
FNH:0
DA:1,0
LF:1
LH:0
BRF:0
BRH:0
end_of_record
TN:
SF:src/data/experienceData.js
FNF:0
FNH:0
DA:1,0
LF:1
LH:0
BRF:0
BRH:0
end_of_record
TN:
SF:src/data/headerData.js
FNF:0
FNH:0
DA:1,0
LF:1
LH:0
BRF:0
BRH:0
end_of_record
TN:
SF:src/data/learningData.js
FNF:0
FNH:0
DA:1,0
LF:1
LH:0
BRF:0
BRH:0
end_of_record
TN:
SF:src/data/methodsData copy.js
FNF:0
FNH:0
DA:1,0
LF:1
LH:0
BRF:0
BRH:0
end_of_record
TN:
SF:src/data/methodsData.js
FNF:0
FNH:0
DA:1,0
LF:1
LH:0
BRF:0
BRH:0
end_of_record
TN:
SF:src/data/offersData.js
FNF:0
FNH:0
DA:1,0
LF:1
LH:0
BRF:0
BRH:0
end_of_record
TN:
SF:src/data/projects.js
FNF:0
FNH:0
DA:8,0
LF:1
LH:0
BRF:0
BRH:0
end_of_record
TN:
SF:src/data/projects2.js
FNF:0
FNH:0
DA:9,0
LF:1
LH:0
BRF:0
BRH:0
end_of_record
TN:
SF:src/data/responseData.js
FNF:0
FNH:0
DA:1,0
LF:1
LH:0
BRF:0
BRH:0
end_of_record
TN:
SF:src/data/services.js
FNF:0
FNH:0
DA:6,0
DA:33,0
LF:2
LH:0
BRF:0
BRH:0
end_of_record
TN:
SF:src/data/singleProjectData.js
FNF:0
FNH:0
DA:17,0
LF:1
LH:0
BRF:0
BRH:0
end_of_record
TN:
SF:src/data/skillsData.js
FNF:0
FNH:0
DA:1,0
LF:1
LH:0
BRF:0
BRH:0
end_of_record
TN:
SF:src/data/socialsData.js
FNF:0
FNH:0
DA:1,0
LF:1
LH:0
BRF:0
BRH:0
end_of_record
TN:
SF:src/data/testimonialsData.js
FNF:0
FNH:0
DA:8,0
LF:1
LH:0
BRF:0
BRH:0
end_of_record
TN:
SF:src/data/themeData.js
FNF:0
FNH:0
DA:6,0
LF:1
LH:0
BRF:0
BRH:0
end_of_record
TN:
SF:src/hooks/useScrollToTop.jsx
FN:7,(anonymous_0)
FN:10,(anonymous_1)
FN:12,cleanup
FN:17,(anonymous_3)
FN:25,(anonymous_4)
FNF:5
FNH:0
FNDA:0,(anonymous_0)
FNDA:0,(anonymous_1)
FNDA:0,cleanup
FNDA:0,(anonymous_3)
FNDA:0,(anonymous_4)
DA:7,0
DA:8,0
DA:10,0
DA:11,0
DA:12,0
DA:13,0
DA:17,0
DA:18,0
DA:19,0
DA:20,0
DA:21,0
DA:25,0
DA:26,0
DA:32,0
DA:34,0
LF:15
LH:0
BRDA:18,0,0,0
BRDA:18,0,1,0
BRDA:18,1,0,0
BRDA:18,1,1,0
BRDA:20,2,0,0
BRDA:20,2,1,0
BRDA:20,3,0,0
BRDA:20,3,1,0
BRDA:45,4,0,0
BRDA:45,4,1,0
BRF:10
BRH:0
end_of_record
TN:
SF:src/hooks/useThemeSwitcher.jsx
FN:3,(anonymous_0)
FN:7,(anonymous_1)
FNF:2
FNH:2
FNDA:4,(anonymous_0)
FNDA:4,(anonymous_1)
DA:3,1
DA:4,4
DA:5,4
DA:7,4
DA:8,4
DA:10,4
DA:11,4
DA:12,4
DA:15,4
LF:9
LH:9
BRDA:5,0,0,0
BRDA:5,0,1,4
BRF:2
BRH:1
end_of_record
TN:
SF:src/pages/AboutMe.jsx
FN:7,(anonymous_0)
FNF:1
FNH:0
FNDA:0,(anonymous_0)
DA:7,0
DA:8,0
LF:2
LH:0
BRF:0
BRH:0
end_of_record
TN:
SF:src/pages/Blogs.jsx
FN:5,(anonymous_0)
FNF:1
FNH:0
FNDA:0,(anonymous_0)
DA:5,0
DA:6,0
LF:2
LH:0
BRF:0
BRH:0
end_of_record
TN:
SF:src/pages/Contact copy.jsx
FN:5,(anonymous_0)
FNF:1
FNH:0
FNDA:0,(anonymous_0)
DA:5,0
DA:6,0
LF:2
LH:0
BRF:0
BRH:0
end_of_record
TN:
SF:src/pages/Contact.jsx
FN:5,(anonymous_0)
FNF:1
FNH:0
FNDA:0,(anonymous_0)
DA:5,0
DA:6,0
LF:2
LH:0
BRF:0
BRH:0
end_of_record
TN:
SF:src/pages/Home.jsx
FN:9,(anonymous_0)
FNF:1
FNH:0
FNDA:0,(anonymous_0)
DA:9,0
DA:10,0
LF:2
LH:0
BRF:0
BRH:0
end_of_record
TN:
SF:src/pages/ProjectSingle.jsx
FN:8,(anonymous_0)
FNF:1
FNH:0
FNDA:0,(anonymous_0)
DA:8,0
DA:9,0
LF:2
LH:0
BRF:0
BRH:0
end_of_record
TN:
SF:src/pages/Projects.jsx
FN:4,(anonymous_0)
FNF:1
FNH:0
FNDA:0,(anonymous_0)
DA:4,0
DA:5,0
LF:2
LH:0
BRF:0
BRH:0
end_of_record
TN:
SF:src/pages/Resources.jsx
FN:5,(anonymous_0)
FNF:1
FNH:0
FNDA:0,(anonymous_0)
DA:5,0
DA:7,0
DA:8,0
LF:3
LH:0
BRF:0
BRH:0
end_of_record
TN:
SF:src/pages/Services.jsx
FN:6,(anonymous_0)
FNF:1
FNH:0
FNDA:0,(anonymous_0)
DA:6,0
DA:7,0
LF:2
LH:0
BRF:0
BRH:0
end_of_record
